This is pdfTeX, Version 3.14159265-2.6-1.40.17 (TeX Live 2016) (preloaded format=pdflatex 2017.2.7)  24 JUN 2019 18:43
entering extended mode
 restricted \write18 enabled.
 file:line:error style messages enabled.
 %&-line parsing enabled.
**conference_poster_6.tex
(./conference_poster_6.tex
LaTeX2e <2017/01/01> patch level 1
Babel <3.9r> and hyphenation patterns for 83 language(s) loaded.
(./a0poster.cls
Document Class: a0poster 1997/05/07 v1.21b a0poster class (GK, MW)
(/opt/texlive/2016/texmf-dist/tex/latex/base/article.cls
Document Class: article 2014/09/29 v1.4h Standard LaTeX document class
(/opt/texlive/2016/texmf-dist/tex/latex/base/size10.clo
File: size10.clo 2014/09/29 v1.4h Standard LaTeX file (size option)
)
\c@part=\count79
\c@section=\count80
\c@subsection=\count81
\c@subsubsection=\count82
\c@paragraph=\count83
\c@subparagraph=\count84
\c@figure=\count85
\c@table=\count86
\abovecaptionskip=\skip41
\belowcaptionskip=\skip42
\bibindent=\dimen102
)
\xkoord=\count87
\ykoord=\count88
\xscale=\count89
\yscale=\count90
\tausch=\dimen103
 (./a0size.sty
File: a0size.sty 1997/05/06 v1.21b a0poster class (GK, MW)
LaTeX Font Info:    Redeclaring symbol font `largesymbols' on input line 218.
LaTeX Font Info:    Overwriting symbol font `largesymbols' in version `normal'
(Font)                  OMX/cmex/m/n --> OMX/cmex/m/n on input line 218.
LaTeX Font Info:    Overwriting symbol font `largesymbols' in version `bold'
(Font)                  OMX/cmex/m/n --> OMX/cmex/m/n on input line 218.
\big@size=\dimen104
)) (/opt/texlive/2016/texmf-dist/tex/latex/tools/multicol.sty
Package: multicol 2016/04/07 v1.8p multicolumn formatting (FMi)
\c@tracingmulticols=\count91
\mult@box=\box26
\multicol@leftmargin=\dimen105
\c@unbalance=\count92
\c@collectmore=\count93
\doublecol@number=\count94
\multicoltolerance=\count95
\multicolpretolerance=\count96
\full@width=\dimen106
\page@free=\dimen107
\premulticols=\dimen108
\postmulticols=\dimen109
\multicolsep=\skip43
\multicolbaselineskip=\skip44
\partial@page=\box27
\last@line=\box28
\maxbalancingoverflow=\dimen110
\mult@rightbox=\box29
\mult@grightbox=\box30
\mult@gfirstbox=\box31
\mult@firstbox=\box32
\@tempa=\box33
\@tempa=\box34
\@tempa=\box35
\@tempa=\box36
\@tempa=\box37
\@tempa=\box38
\@tempa=\box39
\@tempa=\box40
\@tempa=\box41
\@tempa=\box42
\@tempa=\box43
\@tempa=\box44
\@tempa=\box45
\@tempa=\box46
\@tempa=\box47
\@tempa=\box48
\@tempa=\box49
\c@columnbadness=\count97
\c@finalcolumnbadness=\count98
\last@try=\dimen111
\multicolovershoot=\dimen112
\multicolundershoot=\dimen113
\mult@nat@firstbox=\box50
\colbreak@box=\box51
\mc@col@check@num=\count99
) (/opt/texlive/2016/texmf-dist/tex/latex/xcolor/xcolor.sty
Package: xcolor 2016/05/11 v2.12 LaTeX color extensions (UK)
 (/opt/texlive/2016/texmf-dist/tex/latex/graphics-cfg/color.cfg
File: color.cfg 2016/01/02 v1.6 sample color configuration
)
Package xcolor Info: Driver file: pdftex.def on input line 225.
 (/opt/texlive/2016/texmf-dist/tex/latex/graphics-def/pdftex.def
File: pdftex.def 2017/01/12 v0.06k Graphics/color for pdfTeX
 (/opt/texlive/2016/texmf-dist/tex/generic/oberdiek/infwarerr.sty
Package: infwarerr 2016/05/16 v1.4 Providing info/warning/error messages (HO)
) (/opt/texlive/2016/texmf-dist/tex/generic/oberdiek/ltxcmds.sty
Package: ltxcmds 2016/05/16 v1.23 LaTeX kernel commands for general use (HO)
)
\Gread@gobject=\count100
)
Package xcolor Info: Model `cmy' substituted by `cmy0' on input line 1348.
Package xcolor Info: Model `hsb' substituted by `rgb' on input line 1352.
Package xcolor Info: Model `RGB' extended on input line 1364.
Package xcolor Info: Model `HTML' substituted by `rgb' on input line 1366.
Package xcolor Info: Model `Hsb' substituted by `hsb' on input line 1367.
Package xcolor Info: Model `tHsb' substituted by `hsb' on input line 1368.
Package xcolor Info: Model `HSB' substituted by `hsb' on input line 1369.
Package xcolor Info: Model `Gray' substituted by `gray' on input line 1370.
Package xcolor Info: Model `wave' substituted by `hsb' on input line 1371.
 (/opt/texlive/2016/texmf-dist/tex/latex/xcolor/svgnam.def
File: svgnam.def 2016/05/11 v2.12 Predefined colors according to SVG 1.1 (UK)
)) (/opt/texlive/2016/texmf-dist/tex/latex/psnfss/palatino.sty
Package: palatino 2005/04/12 PSNFSS-v9.2a (SPQR) 
) (/opt/texlive/2016/texmf-dist/tex/latex/graphics/graphicx.sty
Package: graphicx 2014/10/28 v1.0g Enhanced LaTeX Graphics (DPC,SPQR)
 (/opt/texlive/2016/texmf-dist/tex/latex/graphics/keyval.sty
Package: keyval 2014/10/28 v1.15 key=value parser (DPC)
\KV@toks@=\toks14
) (/opt/texlive/2016/texmf-dist/tex/latex/graphics/graphics.sty
Package: graphics 2016/10/09 v1.0u Standard LaTeX Graphics (DPC,SPQR)
 (/opt/texlive/2016/texmf-dist/tex/latex/graphics/trig.sty
Package: trig 2016/01/03 v1.10 sin cos tan (DPC)
) (/opt/texlive/2016/texmf-dist/tex/latex/graphics-cfg/graphics.cfg
File: graphics.cfg 2016/06/04 v1.11 sample graphics configuration
)
Package graphics Info: Driver file: pdftex.def on input line 99.
)
\Gin@req@height=\dimen114
\Gin@req@width=\dimen115
) (/opt/texlive/2016/texmf-dist/tex/latex/booktabs/booktabs.sty
Package: booktabs 2016/04/27 v1.618033 publication quality tables
\heavyrulewidth=\dimen116
\lightrulewidth=\dimen117
\cmidrulewidth=\dimen118
\belowrulesep=\dimen119
\belowbottomsep=\dimen120
\aboverulesep=\dimen121
\abovetopsep=\dimen122
\cmidrulesep=\dimen123
\cmidrulekern=\dimen124
\defaultaddspace=\dimen125
\@cmidla=\count101
\@cmidlb=\count102
\@aboverulesep=\dimen126
\@belowrulesep=\dimen127
\@thisruleclass=\count103
\@lastruleclass=\count104
\@thisrulewidth=\dimen128
)
(/opt/texlive/2016/texmf-dist/tex/latex/caption/caption.sty
Package: caption 2016/02/21 v3.3-144 Customizing captions (AR)
 (/opt/texlive/2016/texmf-dist/tex/latex/caption/caption3.sty
Package: caption3 2016/05/22 v1.7-166 caption3 kernel (AR)
Package caption3 Info: TeX engine: e-TeX on input line 67.
\captionmargin=\dimen129
\captionmargin@=\dimen130
\captionwidth=\dimen131
\caption@tempdima=\dimen132
\caption@indent=\dimen133
\caption@parindent=\dimen134
\caption@hangindent=\dimen135
)
\c@ContinuedFloat=\count105
) (/opt/texlive/2016/texmf-dist/tex/latex/amsfonts/amsfonts.sty
Package: amsfonts 2013/01/14 v3.01 Basic AMSFonts support
\@emptytoks=\toks15
\symAMSa=\mathgroup4
\symAMSb=\mathgroup5
LaTeX Font Info:    Overwriting math alphabet `\mathfrak' in version `bold'
(Font)                  U/euf/m/n --> U/euf/b/n on input line 106.
) (/opt/texlive/2016/texmf-dist/tex/latex/amsmath/amsmath.sty
Package: amsmath 2016/11/05 v2.16a AMS math features
\@mathmargin=\skip45

For additional information on amsmath, use the `?' option.
(/opt/texlive/2016/texmf-dist/tex/latex/amsmath/amstext.sty
Package: amstext 2000/06/29 v2.01 AMS text
 (/opt/texlive/2016/texmf-dist/tex/latex/amsmath/amsgen.sty
File: amsgen.sty 1999/11/30 v2.0 generic functions
\@emptytoks=\toks16
\ex@=\dimen136
)) (/opt/texlive/2016/texmf-dist/tex/latex/amsmath/amsbsy.sty
Package: amsbsy 1999/11/29 v1.2d Bold Symbols
\pmbraise@=\dimen137
) (/opt/texlive/2016/texmf-dist/tex/latex/amsmath/amsopn.sty
Package: amsopn 2016/03/08 v2.02 operator names
)
\inf@bad=\count106
LaTeX Info: Redefining \frac on input line 213.
\uproot@=\count107
\leftroot@=\count108
LaTeX Info: Redefining \overline on input line 375.
\classnum@=\count109
\DOTSCASE@=\count110
LaTeX Info: Redefining \ldots on input line 472.
LaTeX Info: Redefining \dots on input line 475.
LaTeX Info: Redefining \cdots on input line 596.
\Mathstrutbox@=\box52
\strutbox@=\box53
\big@size=\dimen138
LaTeX Font Info:    Redeclaring font encoding OML on input line 712.
LaTeX Font Info:    Redeclaring font encoding OMS on input line 713.
\macc@depth=\count111
\c@MaxMatrixCols=\count112
\dotsspace@=\muskip10
\c@parentequation=\count113
\dspbrk@lvl=\count114
\tag@help=\toks17
\row@=\count115
\column@=\count116
\maxfields@=\count117
\andhelp@=\toks18
\eqnshift@=\dimen139
\alignsep@=\dimen140
\tagshift@=\dimen141
\tagwidth@=\dimen142
\totwidth@=\dimen143
\lineht@=\dimen144
\@envbody=\toks19
\multlinegap=\skip46
\multlinetaggap=\skip47
\mathdisplay@stack=\toks20
LaTeX Info: Redefining \[ on input line 2817.
LaTeX Info: Redefining \] on input line 2818.
) (/opt/texlive/2016/texmf-dist/tex/latex/amscls/amsthm.sty
Package: amsthm 2015/03/04 v2.20.2
\thm@style=\toks21
\thm@bodyfont=\toks22
\thm@headfont=\toks23
\thm@notefont=\toks24
\thm@headpunct=\toks25
\thm@preskip=\skip48
\thm@postskip=\skip49
\thm@headsep=\skip50
\dth@everypar=\toks26
) (/opt/texlive/2016/texmf-dist/tex/latex/amsfonts/amssymb.sty
Package: amssymb 2013/01/14 v3.01 AMS font symbols
) (/opt/texlive/2016/texmf-dist/tex/latex/wrapfig/wrapfig.sty
\wrapoverhang=\dimen145
\WF@size=\dimen146
\c@WF@wrappedlines=\count118
\WF@box=\box54
\WF@everypar=\toks27
Package: wrapfig 2003/01/31  v 3.6
) (./conference_poster_6.aux)
\openout1 = `conference_poster_6.aux'.

LaTeX Font Info:    Checking defaults for OML/cmm/m/it on input line 39.
LaTeX Font Info:    ... okay on input line 39.
LaTeX Font Info:    Checking defaults for T1/cmr/m/n on input line 39.
LaTeX Font Info:    ... okay on input line 39.
LaTeX Font Info:    Checking defaults for OT1/cmr/m/n on input line 39.
LaTeX Font Info:    ... okay on input line 39.
LaTeX Font Info:    Checking defaults for OMS/cmsy/m/n on input line 39.
LaTeX Font Info:    ... okay on input line 39.
LaTeX Font Info:    Checking defaults for OMX/cmex/m/n on input line 39.
LaTeX Font Info:    ... okay on input line 39.
LaTeX Font Info:    Checking defaults for U/cmr/m/n on input line 39.
LaTeX Font Info:    ... okay on input line 39.
LaTeX Font Info:    Try loading font information for OT1+ppl on input line 39.
 (/opt/texlive/2016/texmf-dist/tex/latex/psnfss/ot1ppl.fd
File: ot1ppl.fd 2001/06/04 font definitions for OT1/ppl.
) (/opt/texlive/2016/texmf-dist/tex/context/base/mkii/supp-pdf.mkii
[Loading MPS to PDF converter (version 2006.09.02).]
\scratchcounter=\count119
\scratchdimen=\dimen147
\scratchbox=\box55
\nofMPsegments=\count120
\nofMParguments=\count121
\everyMPshowfont=\toks28
\MPscratchCnt=\count122
\MPscratchDim=\dimen148
\MPnumerator=\count123
\makeMPintoPDFobject=\count124
\everyMPtoPDFconversion=\toks29
) (/opt/texlive/2016/texmf-dist/tex/generic/oberdiek/pdftexcmds.sty
Package: pdftexcmds 2016/05/21 v0.22 Utility functions of pdfTeX for LuaTeX (HO)
 (/opt/texlive/2016/texmf-dist/tex/generic/oberdiek/ifluatex.sty
Package: ifluatex 2016/05/16 v1.4 Provides the ifluatex switch (HO)
Package ifluatex Info: LuaTeX not detected.
) (/opt/texlive/2016/texmf-dist/tex/generic/oberdiek/ifpdf.sty
Package: ifpdf 2016/05/14 v3.1 Provides the ifpdf switch
)
Package pdftexcmds Info: LuaTeX not detected.
Package pdftexcmds Info: \pdf@primitive is available.
Package pdftexcmds Info: \pdf@ifprimitive is available.
Package pdftexcmds Info: \pdfdraftmode found.
) (/opt/texlive/2016/texmf-dist/tex/latex/oberdiek/epstopdf-base.sty
Package: epstopdf-base 2016/05/15 v2.6 Base part for package epstopdf
 (/opt/texlive/2016/texmf-dist/tex/latex/oberdiek/grfext.sty
Package: grfext 2016/05/16 v1.2 Manage graphics extensions (HO)
 (/opt/texlive/2016/texmf-dist/tex/generic/oberdiek/kvdefinekeys.sty
Package: kvdefinekeys 2016/05/16 v1.4 Define keys (HO)
)) (/opt/texlive/2016/texmf-dist/tex/latex/oberdiek/kvoptions.sty
Package: kvoptions 2016/05/16 v3.12 Key value format for package options (HO)
 (/opt/texlive/2016/texmf-dist/tex/generic/oberdiek/kvsetkeys.sty
Package: kvsetkeys 2016/05/16 v1.17 Key value parser (HO)
 (/opt/texlive/2016/texmf-dist/tex/generic/oberdiek/etexcmds.sty
Package: etexcmds 2016/05/16 v1.6 Avoid name clashes with e-TeX commands (HO)
Package etexcmds Info: Could not find \expanded.
(etexcmds)             That can mean that you are not using pdfTeX 1.50 or
(etexcmds)             that some package has redefined \expanded.
(etexcmds)             In the latter case, load this package earlier.
)))
Package epstopdf-base Info: Redefining graphics rule for `.eps' on input line 438.
Package grfext Info: Graphics extension search list:
(grfext)             [.png,.pdf,.jpg,.mps,.jpeg,.jbig2,.jb2,.PNG,.PDF,.JPG,.JPEG,.JBIG2,.JB2,.eps]
(grfext)             \AppendGraphicsExtensions on input line 456.
 (/opt/texlive/2016/texmf-dist/tex/latex/latexconfig/epstopdf-sys.cfg
File: epstopdf-sys.cfg 2010/07/13 v1.3 Configuration of (r)epstopdf for TeX Live
))
Package caption Info: Begin \AtBeginDocument code.
Package caption Info: wrapfig package is loaded.
Package caption Info: End \AtBeginDocument code.
LaTeX Font Info:    Font shape `OT1/ppl/bx/n' in size <74.3> not available
(Font)              Font shape `OT1/ppl/b/n' tried instead on input line 50.
LaTeX Font Info:    Font shape `OT1/ppl/bx/sc' in size <74.3> not available
(Font)              Font shape `OT1/ppl/b/sc' tried instead on input line 50.
LaTeX Font Info:    Font shape `OT1/ppl/bx/n' in size <51.6> not available
(Font)              Font shape `OT1/ppl/b/n' tried instead on input line 52.
LaTeX Font Info:    Try loading font information for OT1+pcr on input line 54.
 (/opt/texlive/2016/texmf-dist/tex/latex/psnfss/ot1pcr.fd
File: ot1pcr.fd 2001/06/04 font definitions for OT1/pcr.
)
Underfull \hbox (badness 10000) in paragraph at lines 50--56

 []

<figures/bristol_university_logo.png, id=1, 889.3225pt x 256.96pt>
File: figures/bristol_university_logo.png Graphic file (type png)
 <use figures/bristol_university_logo.png>
Package pdftex.def Info: figures/bristol_university_logo.png used on input line 60.
(pdftex.def)             Requested size: 454.55037pt x 131.338pt.
 <figures/epsrc_logo.png, id=3, 401.5pt x 140.525pt>
File: figures/epsrc_logo.png Graphic file (type png)
 <use figures/epsrc_logo.png>
Package pdftex.def Info: figures/epsrc_logo.png used on input line 61.
(pdftex.def)             Requested size: 454.55037pt x 159.10445pt.
LaTeX Font Info:    Font shape `OT1/ppl/bx/n' in size <35.83> not available
(Font)              Font shape `OT1/ppl/b/n' tried instead on input line 87.
LaTeX Font Info:    Font shape `OT1/ppl/bx/sc' in size <35.83> not available
(Font)              Font shape `OT1/ppl/b/sc' tried instead on input line 87.
LaTeX Font Info:    Try loading font information for U+msa on input line 102.
 (/opt/texlive/2016/texmf-dist/tex/latex/amsfonts/umsa.fd
File: umsa.fd 2013/01/14 v3.01 AMS symbols A
)
LaTeX Font Info:    Try loading font information for U+msb on input line 102.
 (/opt/texlive/2016/texmf-dist/tex/latex/amsfonts/umsb.fd
File: umsb.fd 2013/01/14 v3.01 AMS symbols B
)
LaTeX Font Info:    Font shape `OT1/ppl/bx/n' in size <24.88> not available
(Font)              Font shape `OT1/ppl/b/n' tried instead on input line 114.
 <figures/raster_plot.png, id=4, 857.2025pt x 469.755pt>
File: figures/raster_plot.png Graphic file (type png)
 <use figures/raster_plot.png>
Package pdftex.def Info: figures/raster_plot.png used on input line 118.
(pdftex.def)             Requested size: 811.76103pt x 369.88385pt.
 <figures/probe_1.jpg, id=5, 98.3675pt x 167.62625pt>
File: figures/probe_1.jpg Graphic file (type jpg)
 <use figures/probe_1.jpg>
Package pdftex.def Info: figures/probe_1.jpg used on input line 123.
(pdftex.def)             Requested size: 100.22392pt x 142.263pt.
 <figures/probe_2.jpg, id=6, 74.2775pt x 170.6375pt>
File: figures/probe_2.jpg Graphic file (type jpg)
 <use figures/probe_2.jpg>
Package pdftex.def Info: figures/probe_2.jpg used on input line 124.
(pdftex.def)             Requested size: 90.20586pt x 184.9549pt.

Overfull \hbox (19.72723pt too wide) in paragraph at lines 116--126
[][] [] 
 []

LaTeX Font Info:    Font shape `OT1/ppl/bx/n' in size <20.74> not available
(Font)              Font shape `OT1/ppl/b/n' tried instead on input line 127.
LaTeX Font Info:    Font shape `OT1/ppl/bx/n' in size <29.86> not available
(Font)              Font shape `OT1/ppl/b/n' tried instead on input line 148.
LaTeX Font Info:    Font shape `OT1/ppl/bx/sc' in size <29.86> not available
(Font)              Font shape `OT1/ppl/b/sc' tried instead on input line 148.
<figures/all_hippocampus_6_1p0_correlation_histogram.png, id=7, 289.08pt x 216.81pt>
File: figures/all_hippocampus_6_1p0_correlation_histogram.png Graphic file (type png)
 <use figures/all_hippocampus_6_1p0_correlation_histogram.png>
Package pdftex.def Info: figures/all_hippocampus_6_1p0_correlation_histogram.png used on input line 153.
(pdftex.def)             Requested size: 195.43301pt x 146.57532pt.
 <figures/all_motor_cortex_10_1p0_correlation_histogram.png, id=8, 289.08pt x 216.81pt>
File: figures/all_motor_cortex_10_1p0_correlation_histogram.png Graphic file (type png)
 <use figures/all_motor_cortex_10_1p0_correlation_histogram.png>
Package pdftex.def Info: figures/all_motor_cortex_10_1p0_correlation_histogram.png used on input line 154.
(pdftex.def)             Requested size: 195.43301pt x 146.57532pt.
 <figures/all_striatum_14_1p0_correlation_histogram.png, id=9, 289.08pt x 216.81pt>
File: figures/all_striatum_14_1p0_correlation_histogram.png Graphic file (type png)
 <use figures/all_striatum_14_1p0_correlation_histogram.png>
Package pdftex.def Info: figures/all_striatum_14_1p0_correlation_histogram.png used on input line 155.
(pdftex.def)             Requested size: 195.43301pt x 146.57532pt.
 <figures/all_thalamus_15_1p0_correlation_histogram.png, id=10, 289.08pt x 216.81pt>
File: figures/all_thalamus_15_1p0_correlation_histogram.png Graphic file (type png)
 <use figures/all_thalamus_15_1p0_correlation_histogram.png>
Package pdftex.def Info: figures/all_thalamus_15_1p0_correlation_histogram.png used on input line 156.
(pdftex.def)             Requested size: 195.43301pt x 146.57532pt.
 <figures/all_v1_6_1p0_correlation_histogram.png, id=11, 289.08pt x 216.81pt>
File: figures/all_v1_6_1p0_correlation_histogram.png Graphic file (type png)
 <use figures/all_v1_6_1p0_correlation_histogram.png>
Package pdftex.def Info: figures/all_v1_6_1p0_correlation_histogram.png used on input line 157.
(pdftex.def)             Requested size: 195.43301pt x 146.57532pt.
 <figures/all_hippocampus_6_1p0_information_histogram.png, id=12, 289.08pt x 216.81pt>
File: figures/all_hippocampus_6_1p0_information_histogram.png Graphic file (type png)
 <use figures/all_hippocampus_6_1p0_information_histogram.png>
Package pdftex.def Info: figures/all_hippocampus_6_1p0_information_histogram.png used on input line 164.
(pdftex.def)             Requested size: 195.43301pt x 146.57532pt.
 <figures/all_motor_cortex_10_1p0_information_histogram.png, id=13, 289.08pt x 216.81pt>
File: figures/all_motor_cortex_10_1p0_information_histogram.png Graphic file (type png)

<use figures/all_motor_cortex_10_1p0_information_histogram.png>
Package pdftex.def Info: figures/all_motor_cortex_10_1p0_information_histogram.png used on input line 165.
(pdftex.def)             Requested size: 195.43301pt x 146.57532pt.
 <figures/all_striatum_14_1p0_information_histogram.png, id=14, 289.08pt x 216.81pt>
File: figures/all_striatum_14_1p0_information_histogram.png Graphic file (type png)
 <use figures/all_striatum_14_1p0_information_histogram.png>
Package pdftex.def Info: figures/all_striatum_14_1p0_information_histogram.png used on input line 166.
(pdftex.def)             Requested size: 195.43301pt x 146.57532pt.
 <figures/all_thalamus_15_1p0_information_histogram.png, id=15, 289.08pt x 216.81pt>
File: figures/all_thalamus_15_1p0_information_histogram.png Graphic file (type png)
 <use figures/all_thalamus_15_1p0_information_histogram.png>
Package pdftex.def Info: figures/all_thalamus_15_1p0_information_histogram.png used on input line 167.
(pdftex.def)             Requested size: 195.43301pt x 146.57532pt.
 <figures/all_v1_6_1p0_information_histogram.png, id=16, 289.08pt x 216.81pt>
File: figures/all_v1_6_1p0_information_histogram.png Graphic file (type png)
 <use figures/all_v1_6_1p0_information_histogram.png>
Package pdftex.def Info: figures/all_v1_6_1p0_information_histogram.png used on input line 168.
(pdftex.def)             Requested size: 195.43301pt x 146.57532pt.
 <figures/corr_vs_geometric_hippocampus_8.png, id=17, 289.08pt x 216.81pt>
File: figures/corr_vs_geometric_hippocampus_8.png Graphic file (type png)
 <use figures/corr_vs_geometric_hippocampus_8.png>
Package pdftex.def Info: figures/corr_vs_geometric_hippocampus_8.png used on input line 177.
(pdftex.def)             Requested size: 195.43301pt x 146.57532pt.
 <figures/corr_vs_geometric_motor_cortex_16.png, id=18, 289.08pt x 216.81pt>
File: figures/corr_vs_geometric_motor_cortex_16.png Graphic file (type png)
 <use figures/corr_vs_geometric_motor_cortex_16.png>
Package pdftex.def Info: figures/corr_vs_geometric_motor_cortex_16.png used on input line 178.
(pdftex.def)             Requested size: 195.43301pt x 146.57532pt.
 <figures/corr_vs_geometric_striatum_16.png, id=19, 289.08pt x 216.81pt>
File: figures/corr_vs_geometric_striatum_16.png Graphic file (type png)
 <use figures/corr_vs_geometric_striatum_16.png>
Package pdftex.def Info: figures/corr_vs_geometric_striatum_16.png used on input line 179.
(pdftex.def)             Requested size: 195.43301pt x 146.57532pt.
 <figures/corr_vs_geometric_thalamus_15.png, id=20, 289.08pt x 216.81pt>
File: figures/corr_vs_geometric_thalamus_15.png Graphic file (type png)
 <use figures/corr_vs_geometric_thalamus_15.png>
Package pdftex.def Info: figures/corr_vs_geometric_thalamus_15.png used on input line 180.
(pdftex.def)             Requested size: 195.43301pt x 146.57532pt.

<figures/corr_vs_geometric_v1_8.png, id=21, 289.08pt x 216.81pt>
File: figures/corr_vs_geometric_v1_8.png Graphic file (type png)
 <use figures/corr_vs_geometric_v1_8.png>
Package pdftex.def Info: figures/corr_vs_geometric_v1_8.png used on input line 181.
(pdftex.def)             Requested size: 195.43301pt x 146.57532pt.
 <figures/info_vs_geometric_hippocampus_8.png, id=22, 289.08pt x 216.81pt>
File: figures/info_vs_geometric_hippocampus_8.png Graphic file (type png)
 <use figures/info_vs_geometric_hippocampus_8.png>
Package pdftex.def Info: figures/info_vs_geometric_hippocampus_8.png used on input line 188.
(pdftex.def)             Requested size: 195.43301pt x 146.57532pt.
 <figures/info_vs_geometric_motor_cortex_16.png, id=23, 289.08pt x 216.81pt>
File: figures/info_vs_geometric_motor_cortex_16.png Graphic file (type png)
 <use figures/info_vs_geometric_motor_cortex_16.png>
Package pdftex.def Info: figures/info_vs_geometric_motor_cortex_16.png used on input line 189.
(pdftex.def)             Requested size: 195.43301pt x 146.57532pt.
 <figures/info_vs_geometric_striatum_16.png, id=24, 289.08pt x 216.81pt>
File: figures/info_vs_geometric_striatum_16.png Graphic file (type png)
 <use figures/info_vs_geometric_striatum_16.png>
Package pdftex.def Info: figures/info_vs_geometric_striatum_16.png used on input line 190.
(pdftex.def)             Requested size: 195.43301pt x 146.57532pt.
 <figures/info_vs_geometric_thalamus_15.png, id=25, 289.08pt x 216.81pt>
File: figures/info_vs_geometric_thalamus_15.png Graphic file (type png)
 <use figures/info_vs_geometric_thalamus_15.png>
Package pdftex.def Info: figures/info_vs_geometric_thalamus_15.png used on input line 191.
(pdftex.def)             Requested size: 195.43301pt x 146.57532pt.
 <figures/info_vs_geometric_v1_8.png, id=26, 289.08pt x 216.81pt>
File: figures/info_vs_geometric_v1_8.png Graphic file (type png)
 <use figures/info_vs_geometric_v1_8.png>
Package pdftex.def Info: figures/info_vs_geometric_v1_8.png used on input line 192.
(pdftex.def)             Requested size: 195.43301pt x 146.57532pt.
 <figures/info_vs_corr_hippocampus_15.png, id=27, 289.08pt x 216.81pt>
File: figures/info_vs_corr_hippocampus_15.png Graphic file (type png)
 <use figures/info_vs_corr_hippocampus_15.png>
Package pdftex.def Info: figures/info_vs_corr_hippocampus_15.png used on input line 199.
(pdftex.def)             Requested size: 195.43301pt x 146.57532pt.
 <figures/info_vs_corr_motor_cortex_15.png, id=28, 289.08pt x 216.81pt>
File: figures/info_vs_corr_motor_cortex_15.png Graphic file (type png)
 <use figures/info_vs_corr_motor_cortex_15.png>
Package pdftex.def Info: figures/info_vs_corr_motor_cortex_15.png used on input line 200.
(pdftex.def)             Requested size: 195.43301pt x 146.57532pt.

<figures/info_vs_corr_striatum_15.png, id=29, 289.08pt x 216.81pt>
File: figures/info_vs_corr_striatum_15.png Graphic file (type png)
 <use figures/info_vs_corr_striatum_15.png>
Package pdftex.def Info: figures/info_vs_corr_striatum_15.png used on input line 201.
(pdftex.def)             Requested size: 195.43301pt x 146.57532pt.
 <figures/info_vs_corr_thalamus_15.png, id=30, 289.08pt x 216.81pt>
File: figures/info_vs_corr_thalamus_15.png Graphic file (type png)
 <use figures/info_vs_corr_thalamus_15.png>
Package pdftex.def Info: figures/info_vs_corr_thalamus_15.png used on input line 202.
(pdftex.def)             Requested size: 195.43301pt x 146.57532pt.
 <figures/info_vs_corr_v1_15.png, id=31, 289.08pt x 216.81pt>
File: figures/info_vs_corr_v1_15.png Graphic file (type png)
 <use figures/info_vs_corr_v1_15.png>
Package pdftex.def Info: figures/info_vs_corr_v1_15.png used on input line 203.
(pdftex.def)             Requested size: 195.43301pt x 146.57532pt.
 <figures/cons_cluster_map_all_good_15.png, id=32, 462.528pt x 346.896pt>
File: figures/cons_cluster_map_all_good_15.png Graphic file (type png)
 <use figures/cons_cluster_map_all_good_15.png>
Package pdftex.def Info: figures/cons_cluster_map_all_good_15.png used on input line 212.
(pdftex.def)             Requested size: 501.09149pt x 375.83835pt.
 <figures/eig_hist_all_good_15.png, id=33, 462.528pt x 346.896pt>
File: figures/eig_hist_all_good_15.png Graphic file (type png)
 <use figures/eig_hist_all_good_15.png>
Package pdftex.def Info: figures/eig_hist_all_good_15.png used on input line 213.
(pdftex.def)             Requested size: 501.09149pt x 375.83835pt.

Overfull \hbox (4.72723pt too wide) in paragraph at lines 212--214
[][] [] 
 []

LaTeX Font Info:    Try loading font information for OMS+ppl on input line 227.
(/opt/texlive/2016/texmf-dist/tex/latex/psnfss/omsppl.fd
File: omsppl.fd 
)
LaTeX Font Info:    Font shape `OMS/ppl/m/n' in size <24.88> not available
(Font)              Font shape `OMS/cmsy/m/n' tried instead on input line 227.
 (./conference_poster_6.bbl
Missing character: There is no â in font pplr7t!
Missing character: There is no € in font pplr7t!
Missing character: There is no “ in font pplr7t!
) [1


Non-PDF special ignored!{/opt/texlive/2016/texmf-var/fonts/map/pdftex/updmap/pdftex.map} <./figures/bristol_university_logo.png> <./figures/epsrc_logo.png> <./figures/raster_plot.png> <./figures/probe_1.jpg> <./figures/probe_2.jpg> <./figures/all_hippocampus_6_1p0_correlation_histogram.png> <./figures/all_motor_cortex_10_1p0_correlation_histogram.png> <./figures/all_striatum_14_1p0_correlation_histogram.png> <./figures/all_thalamus_15_1p0_correlation_histogram.png> <./figures/all_v1_6_1p0_correlation_histogram.png> <./figures/all_hippocampus_6_1p0_information_histogram.png> <./figures/all_motor_cortex_10_1p0_information_histogram.png> <./figures/all_striatum_14_1p0_information_histogram.png> <./figures/all_thalamus_15_1p0_information_histogram.png> <./figures/all_v1_6_1p0_information_histogram.png> <./figures/corr_vs_geometric_hippocampus_8.png> <./figures/corr_vs_geometric_motor_cortex_16.png> <./figures/corr_vs_geometric_striatum_16.png> <./figures/corr_vs_geometric_thalamus_15.png> 
<./figures/corr_vs_geometric_v1_8.png> <./figures/info_vs_geometric_hippocampus_8.png> <./figures/info_vs_geometric_motor_cortex_16.png> <./figures/info_vs_geometric_striatum_16.png> <./figures/info_vs_geometric_thalamus_15.png> <./figures/info_vs_geometric_v1_8.png> <./figures/info_vs_corr_hippocampus_15.png> <./figures/info_vs_corr_motor_cortex_15.png> <./figures/info_vs_corr_striatum_15.png> <./figures/info_vs_corr_thalamus_15.png> <./figures/info_vs_corr_v1_15.png> <./figures/cons_cluster_map_all_good_15.png> <./figures/eig_hist_all_good_15.png>] (./conference_poster_6.aux) ) 
Here is how much of TeX's memory you used:
 4728 strings out of 493013
 74842 string characters out of 6136083
 178187 words of memory out of 5000000
 8150 multiletter control sequences out of 15000+600000
 23983 words of font info for 65 fonts, out of 8000000 for 9000
 1141 hyphenation exceptions out of 8191
 39i,6n,39p,862b,371s stack positions out of 5000i,500n,10000p,200000b,80000s
{/opt/texlive/2016/texmf-dist/fonts/enc/dvips/base/8r.enc}</opt/texlive/2016/texmf-dist/fonts/type1/public/amsfonts/cm/cmmi12.pfb></opt/texlive/2016/texmf-dist/fonts/type1/public/amsfonts/cm/cmr17.pfb></opt/texlive/2016/texmf-dist/fonts/type1/public/amsfonts/cm/cmsy10.pfb></opt/texlive/2016/texmf-dist/fonts/type1/urw/courier/ucrr8a.pfb></opt/texlive/2016/texmf-dist/fonts/type1/urw/palatino/uplb8a.pfb></opt/texl
ive/2016/texmf-dist/fonts/type1/urw/palatino/uplr8a.pfb></opt/texlive/2016/texmf-dist/fonts/type1/urw/palatino/uplri8a.pfb>
Output written on conference_poster_6.pdf (1 page, 715713 bytes).
PDF statistics:
 100 PDF objects out of 1000 (max. 8388607)
 27 compressed objects within 1 object stream
 0 named destinations out of 1000 (max. 500000)
 161 words of extra memory for PDF output out of 10000 (max. 10000000)

