mktextfm ptmr7t
mktextfm ptmr7t
mktextfm ptmb7t
mktextfm nullfont
mktextfm ptmr7t
mktextfm ptmb7t
mktextfm nullfont
mktextfm ptmb7t
mktextfm nullfont
mktextfm rsfs10
mktextfm rsfs10
mktextfm rsfs5
mktextfm ptmri7t
mktextfm ptmr7t
mktextfm ptmr7t
mktextfm ptmr7t
mktextfm ptmr7t
mktextfm ptmb7t
mktextfm nullfont
mktextfm ptmr7t
mktextfm ptmb7t
mktextfm nullfont
mktextfm ptmb7t
mktextfm nullfont
mktextfm rsfs10
mktextfm rsfs10
mktextfm rsfs5
mktextfm ptmri7t
mktextfm ptmr7t
mktextfm ptmr7t
mktextfm ptmr7t
mktextfm ptmr7t
mktextfm ptmb7t
mktextfm nullfont
mktextfm ptmr7t
mktextfm ptmb7t
mktextfm nullfont
mktextfm ptmb7t
mktextfm nullfont
mktextfm rsfs10
mktextfm rsfs10
mktextfm rsfs5
mktextfm ptmri7t
mktextfm ptmr7t
mktextfm ptmr7t
mktextfm ptmr7t
mktextfm ptmr7t
mktextfm ptmb7t
mktextfm nullfont
mktextfm ptmr7t
mktextfm ptmb7t
mktextfm nullfont
mktextfm ptmb7t
mktextfm nullfont
mktextfm rsfs10
mktextfm rsfs10
mktextfm rsfs5
mktextfm ptmri7t
mktextfm ptmr7t
mktextfm ptmr7t
