\BOOKMARK [1][-]{section.1}{Introduction}{}% 1
\BOOKMARK [2][-]{subsection.1.1}{Fluorescent calcium indicators}{section.1}% 2
\BOOKMARK [2][-]{subsection.1.2}{Spike Inference Algorithms}{section.1}% 3
\BOOKMARK [1][-]{section.2}{Methods \046 Data Sources}{}% 4
\BOOKMARK [2][-]{subsection.2.1}{Modelling}{section.2}% 5
\BOOKMARK [3][-]{subsubsection.2.1.1}{Calcium Dynamics}{subsection.2.1}% 6
\BOOKMARK [3][-]{subsubsection.2.1.2}{The Model}{subsection.2.1}% 7
\BOOKMARK [3][-]{subsubsection.2.1.3}{Photon release \046 capture}{subsection.2.1}% 8
\BOOKMARK [3][-]{subsubsection.2.1.4}{Parameter optimisation}{subsection.2.1}% 9
\BOOKMARK [3][-]{subsubsection.2.1.5}{Fixed Parameters}{subsection.2.1}% 10
\BOOKMARK [3][-]{subsubsection.2.1.6}{Julia}{subsection.2.1}% 11
\BOOKMARK [2][-]{subsection.2.2}{Spike Inference}{section.2}% 12
\BOOKMARK [3][-]{subsubsection.2.2.1}{Comparing spike inference quality}{subsection.2.2}% 13
\BOOKMARK [2][-]{subsection.2.3}{Perturbation analysis}{section.2}% 14
\BOOKMARK [3][-]{subsubsection.2.3.1}{Signal-to-noise ratio}{subsection.2.3}% 15
\BOOKMARK [2][-]{subsection.2.4}{Data sources}{section.2}% 16
\BOOKMARK [1][-]{section.3}{Results}{}% 17
\BOOKMARK [2][-]{subsection.3.1}{Concentration \046 Fluorescence Modelling}{section.3}% 18
\BOOKMARK [3][-]{subsubsection.3.1.1}{Buffered Calcium Concentrations}{subsection.3.1}% 19
\BOOKMARK [3][-]{subsubsection.3.1.2}{Fluorescence Modelling}{subsection.3.1}% 20
\BOOKMARK [2][-]{subsection.3.2}{Spike Inference}{section.3}% 21
\BOOKMARK [3][-]{subsubsection.3.2.1}{Observed fluorescence vs Modelled fluorescence}{subsection.3.2}% 22
\BOOKMARK [2][-]{subsection.3.3}{Perturbation analysis}{section.3}% 23
\BOOKMARK [3][-]{subsubsection.3.3.1}{Fluorescent indicator concentration}{subsection.3.3}% 24
\BOOKMARK [3][-]{subsubsection.3.3.2}{Immobile endogeneous buffer concentration}{subsection.3.3}% 25
\BOOKMARK [3][-]{subsubsection.3.3.3}{Indicator binding and unbinding rates}{subsection.3.3}% 26
\BOOKMARK [1][-]{section.4}{Discussion}{}% 27
