\BOOKMARK [0][-]{section*.1}{\376\377\000D\000e\000c\000l\000a\000r\000a\000t\000i\000o\000n\000\040\000o\000f\000\040\000A\000u\000t\000h\000o\000r\000s\000h\000i\000p}{}% 1
\BOOKMARK [0][-]{section*.2}{\376\377\000A\000b\000s\000t\000r\000a\000c\000t}{}% 2
\BOOKMARK [0][-]{section*.3}{\376\377\000A\000c\000k\000n\000o\000w\000l\000e\000d\000g\000e\000m\000e\000n\000t\000s}{}% 3
\BOOKMARK [0][-]{chapter.8}{\376\377\000S\000e\000n\000s\000i\000t\000i\000v\000i\000t\000y\000\040\000o\000f\000\040\000t\000h\000e\000\040\000s\000p\000i\000k\000e\000s\000-\000t\000o\000-\000f\000l\000u\000o\000r\000e\000s\000c\000e\000n\000c\000e\000\040\000t\000r\000a\000n\000s\000f\000o\000r\000m\000\040\000t\000o\000\040\000c\000a\000l\000c\000i\000u\000m\000\040\000i\000n\000d\000i\000c\000a\000t\000o\000r\000\040\000a\000n\000d\000\040\000n\000e\000u\000r\000o\000n\000\040\000p\000r\000o\000p\000e\000r\000t\000i\000e\000s}{}% 4
\BOOKMARK [1][-]{section.10}{\376\377\000I\000n\000t\000r\000o\000d\000u\000c\000t\000i\000o\000n}{chapter.8}% 5
\BOOKMARK [1][-]{section.12}{\376\377\000R\000e\000s\000u\000l\000t\000s}{chapter.8}% 6
\BOOKMARK [2][-]{subsection.13}{\376\377\000A\000\040\000b\000i\000o\000p\000h\000y\000s\000i\000c\000a\000l\000\040\000c\000o\000m\000p\000u\000t\000a\000t\000i\000o\000n\000a\000l\000\040\000m\000o\000d\000e\000l\000\040\000c\000a\000n\000\040\000g\000e\000n\000e\000r\000a\000t\000e\000\040\000a\000c\000c\000u\000r\000a\000t\000e\000\040\000f\000l\000u\000o\000r\000e\000s\000c\000e\000n\000c\000e\000\040\000t\000r\000a\000c\000e\000s\000\040\000f\000r\000o\000m\000\040\000s\000p\000i\000k\000e\000\040\000t\000r\000a\000i\000n\000s}{section.12}% 7
\BOOKMARK [2][-]{subsection.14}{\376\377\000S\000p\000i\000k\000e\000\040\000i\000n\000f\000e\000r\000e\000n\000c\000e\000\040\000a\000l\000g\000o\000r\000i\000t\000h\000m\000s\000\040\000p\000e\000r\000f\000o\000r\000m\000\040\000s\000i\000m\000i\000l\000a\000r\000l\000y\000\040\000o\000n\000\040\000r\000e\000a\000l\000\040\000d\000a\000t\000a\000\040\000c\000o\000m\000p\000a\000r\000e\000d\000\040\000w\000i\000t\000h\000\040\000t\000i\000m\000e\000\040\000s\000e\000r\000i\000e\000s\000\040\000s\000i\000m\000u\000l\000a\000t\000e\000d\000\040\000f\000r\000o\000m\000\040\000t\000h\000e\000\040\000m\000o\000d\000e\000l}{section.12}% 8
\BOOKMARK [2][-]{subsection.16}{\376\377\000R\000e\000l\000a\000t\000i\000v\000e\000\040\000e\000f\000f\000e\000c\000t\000s\000\040\000o\000f\000\040\000v\000a\000r\000i\000o\000u\000s\000\040\000b\000u\000f\000f\000e\000r\000s\000\040\000t\000o\000\040\000t\000h\000e\000\040\000f\000l\000u\000o\000r\000e\000s\000c\000e\000n\000c\000e\000\040\000s\000i\000g\000n\000a\000l}{section.12}% 9
\BOOKMARK [2][-]{subsection.18}{\376\377\000S\000p\000i\000k\000e\000\040\000i\000n\000f\000e\000r\000e\000n\000c\000e\000\040\000a\000c\000c\000u\000r\000a\000c\000y\000\040\000i\000s\000\040\000s\000e\000n\000s\000i\000t\000i\000v\000e\000\040\000t\000o\000\040\000i\000n\000d\000i\000c\000a\000t\000o\000r\000\040\000p\000r\000o\000p\000e\000r\000t\000i\000e\000s\000,\000\040\000a\000n\000d\000\040\000l\000i\000k\000e\000l\000y\000\040\000v\000a\000r\000i\000e\000s\000\040\000w\000i\000t\000h\000i\000n\000\040\000a\000n\000d\000\040\000b\000e\000t\000w\000e\000e\000n\000\040\000c\000e\000l\000l\000s}{section.12}% 10
\BOOKMARK [2][-]{subsection.22}{\376\377\000S\000i\000n\000g\000l\000e\000\040\000s\000p\000i\000k\000e\000\040\000i\000n\000f\000e\000r\000e\000n\000c\000e\000\040\000a\000c\000c\000u\000r\000a\000c\000y\000\040\000d\000r\000o\000p\000s\000\040\000f\000o\000r\000\040\000h\000i\000g\000h\000\040\000f\000i\000r\000i\000n\000g\000\040\000r\000a\000t\000e\000s\000,\000\040\000b\000u\000t\000\040\000f\000i\000r\000i\000n\000g\000\040\000r\000a\000t\000e\000\040\000i\000t\000s\000e\000l\000f\000\040\000c\000a\000n\000\040\000b\000e\000\040\000e\000s\000t\000i\000m\000a\000t\000e\000d\000\040\000f\000r\000o\000m\000\040\000m\000e\000a\000n\000\040\000f\000l\000u\000o\000r\000e\000s\000c\000e\000n\000c\000e\000\040\000a\000m\000p\000l\000i\000t\000u\000d\000e}{section.12}% 11
\BOOKMARK [1][-]{section.25}{\376\377\000D\000i\000s\000c\000u\000s\000s\000i\000o\000n}{chapter.8}% 12
\BOOKMARK [1][-]{section.26}{\376\377\000M\000e\000t\000h\000o\000d\000s}{chapter.8}% 13
\BOOKMARK [2][-]{subsection.27}{\376\377\000C\000a\000l\000c\000i\000u\000m\000\040\000d\000y\000n\000a\000m\000i\000c\000s\000\040\000m\000o\000d\000e\000l}{section.26}% 14
\BOOKMARK [3][-]{section*.33}{\376\377\000P\000h\000o\000t\000o\000n\000\040\000r\000e\000l\000e\000a\000s\000e\000\040\000\046\000\040\000c\000a\000p\000t\000u\000r\000e}{subsection.27}% 15
\BOOKMARK [2][-]{subsection.34}{\376\377\000P\000a\000r\000a\000m\000e\000t\000e\000r\000\040\000o\000p\000t\000i\000m\000i\000s\000a\000t\000i\000o\000n}{section.26}% 16
\BOOKMARK [3][-]{section*.43}{\376\377\000F\000i\000x\000e\000d\000\040\000p\000a\000r\000a\000m\000e\000t\000e\000r\000s}{subsection.34}% 17
\BOOKMARK [2][-]{subsection.45}{\376\377\000J\000u\000l\000i\000a}{section.26}% 18
\BOOKMARK [2][-]{subsection.46}{\376\377\000S\000p\000i\000k\000e\000\040\000i\000n\000f\000e\000r\000e\000n\000c\000e}{section.26}% 19
\BOOKMARK [3][-]{section*.47}{\376\377\000C\000o\000m\000p\000a\000r\000i\000n\000g\000\040\000s\000p\000i\000k\000e\000\040\000i\000n\000f\000e\000r\000e\000n\000c\000e\000\040\000q\000u\000a\000l\000i\000t\000y}{subsection.46}% 20
\BOOKMARK [2][-]{subsection.48}{\376\377\000P\000e\000r\000t\000u\000r\000b\000a\000t\000i\000o\000n\000\040\000a\000n\000a\000l\000y\000s\000i\000s}{section.26}% 21
\BOOKMARK [2][-]{subsection.49}{\376\377\000S\000i\000g\000n\000a\000l\000-\000t\000o\000-\000n\000o\000i\000s\000e\000\040\000r\000a\000t\000i\000o}{section.26}% 22
\BOOKMARK [2][-]{subsection.50}{\376\377\000D\000a\000t\000a\000\040\000s\000o\000u\000r\000c\000e\000s}{section.26}% 23
\BOOKMARK [0][-]{chapter.51}{\376\377\000F\000u\000n\000c\000t\000i\000o\000n\000a\000l\000\040\000n\000e\000t\000w\000o\000r\000k\000s\000\040\000e\000x\000p\000a\000n\000d\000\040\000a\000c\000r\000o\000s\000s\000\040\000a\000n\000a\000t\000o\000m\000i\000c\000a\000l\000\040\000b\000o\000u\000n\000d\000a\000r\000i\000e\000s\000\040\000a\000s\000\040\000c\000o\000r\000r\000e\000l\000a\000t\000i\000o\000n\000\040\000t\000i\000m\000e\000-\000s\000c\000a\000l\000e\000\040\000i\000n\000c\000r\000e\000a\000s\000e\000s}{}% 24
\BOOKMARK [1][-]{section.53}{\376\377\000I\000n\000t\000r\000o\000d\000u\000c\000t\000i\000o\000n}{chapter.51}% 25
\BOOKMARK [1][-]{section.54}{\376\377\000R\000e\000s\000u\000l\000t\000s}{chapter.51}% 26
\BOOKMARK [2][-]{subsection.55}{\376\377\000A\000v\000e\000r\000a\000g\000e\000\040\000c\000o\000r\000r\000e\000l\000a\000t\000i\000o\000n\000\040\000s\000i\000z\000e\000\040\000i\000n\000c\000r\000e\000a\000s\000e\000s\000\040\000w\000i\000t\000h\000\040\000i\000n\000c\000r\000e\000a\000s\000i\000n\000g\000\040\000t\000i\000m\000e\000\040\000b\000i\000n\000\040\000w\000i\000d\000t\000h}{section.54}% 27
\BOOKMARK [2][-]{subsection.57}{\376\377\000G\000o\000o\000d\000n\000e\000s\000s\000-\000o\000f\000-\000f\000i\000t\000\040\000f\000o\000r\000\040\000P\000o\000i\000s\000s\000o\000n\000\040\000a\000n\000d\000\040\000G\000a\000u\000s\000s\000i\000a\000n\000\040\000d\000i\000s\000t\000r\000i\000b\000u\000t\000i\000o\000n\000s\000\040\000a\000c\000r\000o\000s\000s\000\040\000i\000n\000c\000r\000e\000a\000s\000i\000n\000g\000\040\000t\000i\000m\000e\000\040\000b\000i\000n\000\040\000w\000i\000d\000t\000h\000s}{section.54}% 28
\BOOKMARK [2][-]{subsection.59}{\376\377\000D\000i\000f\000f\000e\000r\000e\000n\000c\000e\000s\000\040\000b\000e\000t\000w\000e\000e\000n\000\040\000a\000n\000d\000\040\000i\000n\000t\000e\000r\000-\000\040\000a\000n\000d\000\040\000i\000n\000t\000r\000a\000-\000\040\000r\000e\000g\000i\000o\000n\000a\000l\000\040\000c\000o\000r\000r\000e\000l\000a\000t\000i\000o\000n\000s\000\040\000d\000e\000c\000r\000e\000a\000s\000e\000\040\000w\000i\000t\000h\000\040\000i\000n\000c\000r\000e\000a\000s\000i\000n\000g\000\040\000b\000i\000n\000\040\000w\000i\000d\000t\000h}{section.54}% 29
\BOOKMARK [2][-]{subsection.63}{\376\377\000C\000o\000n\000n\000e\000c\000t\000e\000d\000\040\000a\000n\000d\000\040\000k\000-\000p\000a\000r\000t\000i\000t\000e\000\040\000s\000t\000r\000u\000c\000t\000u\000r\000e\000\040\000i\000n\000\040\000c\000o\000r\000r\000e\000l\000a\000t\000i\000o\000n\000\040\000b\000a\000s\000e\000d\000\040\000n\000e\000t\000w\000o\000r\000k\000s\000\040\000r\000e\000d\000u\000c\000e\000s\000\040\000i\000n\000\040\000d\000i\000m\000e\000n\000s\000i\000o\000n\000\040\000w\000i\000t\000h\000\040\000i\000n\000c\000r\000e\000a\000s\000i\000n\000g\000\040\000b\000i\000n\000\040\000w\000i\000d\000t\000h}{section.54}% 30
\BOOKMARK [2][-]{subsection.65}{\376\377\000D\000e\000t\000e\000c\000t\000i\000n\000g\000\040\000c\000o\000m\000m\000u\000n\000i\000t\000i\000e\000s\000\040\000i\000n\000\040\000c\000o\000r\000r\000e\000l\000a\000t\000i\000o\000n\000\040\000b\000a\000s\000e\000d\000\040\000n\000e\000t\000w\000o\000r\000k\000s}{section.54}% 31
\BOOKMARK [2][-]{subsection.67}{\376\377\000F\000u\000n\000c\000t\000i\000o\000n\000a\000l\000\040\000c\000o\000m\000m\000u\000n\000i\000t\000i\000e\000s\000\040\000r\000e\000s\000e\000m\000b\000l\000e\000\040\000a\000n\000a\000t\000o\000m\000i\000c\000a\000l\000\040\000d\000i\000v\000i\000s\000i\000o\000n\000\040\000a\000t\000\040\000s\000h\000o\000r\000t\000\040\000t\000i\000m\000e\000s\000c\000a\000l\000e\000s}{section.54}% 32
\BOOKMARK [2][-]{subsection.69}{\376\377\000C\000o\000n\000d\000i\000t\000i\000o\000n\000a\000l\000\040\000c\000o\000r\000r\000e\000l\000a\000t\000i\000o\000n\000s\000\040\000\046\000\040\000s\000i\000g\000n\000a\000l\000\040\000c\000o\000r\000r\000e\000l\000a\000t\000i\000o\000n\000s}{section.54}% 33
\BOOKMARK [2][-]{subsection.75}{\376\377\000A\000b\000s\000o\000l\000u\000t\000e\000\040\000c\000o\000r\000r\000e\000l\000a\000t\000i\000o\000n\000s\000\040\000a\000n\000d\000\040\000n\000e\000g\000a\000t\000i\000v\000e\000\040\000r\000e\000c\000t\000i\000f\000i\000e\000d\000\040\000c\000o\000r\000r\000e\000l\000a\000t\000i\000o\000n\000s}{section.54}% 34
\BOOKMARK [1][-]{section.76}{\376\377\000D\000i\000s\000c\000u\000s\000s\000i\000o\000n}{chapter.51}% 35
\BOOKMARK [1][-]{section.77}{\376\377\000D\000a\000t\000a}{chapter.51}% 36
\BOOKMARK [2][-]{subsection.78}{\376\377\000B\000r\000a\000i\000n\000\040\000r\000e\000g\000i\000o\000n\000s}{section.77}% 37
\BOOKMARK [2][-]{subsection.83}{\376\377\000V\000i\000d\000e\000o\000\040\000r\000e\000c\000o\000r\000d\000i\000n\000g\000s}{section.77}% 38
\BOOKMARK [1][-]{section.84}{\376\377\000M\000e\000t\000h\000o\000d\000s}{chapter.51}% 39
\BOOKMARK [2][-]{subsection.85}{\376\377\000B\000i\000n\000n\000i\000n\000g\000\040\000d\000a\000t\000a}{section.84}% 40
\BOOKMARK [2][-]{subsection.86}{\376\377\000C\000o\000r\000r\000e\000l\000a\000t\000i\000o\000n\000\040\000c\000o\000e\000f\000f\000i\000c\000i\000e\000n\000t\000s}{section.84}% 41
\BOOKMARK [3][-]{section*.90}{\376\377\000T\000o\000t\000a\000l\000\040\000c\000o\000r\000r\000e\000l\000a\000t\000i\000o\000n\000s\000,\000\040\000r\000S\000C}{subsection.86}% 42
\BOOKMARK [3][-]{section*.91}{\376\377\000S\000h\000u\000f\000f\000l\000e\000d\000\040\000t\000o\000t\000a\000l\000\040\000c\000o\000r\000r\000e\000l\000a\000t\000i\000o\000n\000s}{subsection.86}% 43
\BOOKMARK [3][-]{section*.92}{\376\377\000S\000e\000p\000a\000r\000a\000t\000i\000n\000g\000\040\000C\000o\000r\000r\000e\000l\000a\000t\000i\000o\000n\000s\000\040\000\046\000\040\000A\000n\000t\000i\000-\000c\000o\000r\000r\000e\000l\000a\000t\000i\000o\000n\000s}{subsection.86}% 44
\BOOKMARK [2][-]{subsection.93}{\376\377\000C\000o\000n\000d\000i\000t\000i\000o\000n\000i\000n\000g\000\040\000o\000n\000\040\000b\000e\000h\000a\000v\000i\000o\000u\000r\000a\000l\000\040\000d\000a\000t\000a}{section.84}% 45
\BOOKMARK [3][-]{section*.96}{\376\377\000L\000i\000n\000e\000a\000r\000\040\000r\000e\000g\000r\000e\000s\000s\000i\000o\000n}{subsection.93}% 46
\BOOKMARK [3][-]{section*.97}{\376\377\000E\000l\000a\000s\000t\000i\000c\000\040\000n\000e\000t\000\040\000r\000e\000g\000u\000l\000a\000r\000i\000s\000a\000t\000i\000o\000n}{subsection.93}% 47
\BOOKMARK [3][-]{section*.102}{\376\377\000C\000o\000n\000d\000i\000t\000i\000o\000n\000a\000l\000\040\000c\000o\000v\000a\000r\000i\000a\000n\000c\000e}{subsection.93}% 48
\BOOKMARK [3][-]{section*.106}{\376\377\000M\000e\000a\000s\000u\000r\000e\000s\000\040\000o\000f\000\040\000c\000o\000n\000d\000i\000t\000i\000o\000n\000a\000l\000\040\000c\000o\000r\000r\000e\000l\000a\000t\000i\000o\000n}{subsection.93}% 49
\BOOKMARK [2][-]{subsection.109}{\376\377\000I\000n\000f\000o\000r\000m\000a\000t\000i\000o\000n\000\040\000T\000h\000e\000o\000r\000y}{section.84}% 50
\BOOKMARK [3][-]{section*.110}{\376\377\000E\000n\000t\000r\000o\000p\000y\000\040\000H\000\050\000X\000\051}{subsection.109}% 51
\BOOKMARK [3][-]{section*.114}{\376\377\000M\000a\000x\000i\000m\000u\000m\000\040\000e\000n\000t\000r\000o\000p\000y\000\040\000l\000i\000m\000i\000t}{subsection.109}% 52
\BOOKMARK [3][-]{section*.116}{\376\377\000M\000u\000t\000u\000a\000l\000\040\000I\000n\000f\000o\000r\000m\000a\000t\000i\000o\000n\000\040\000I\000\050\000X\000;\000Y\000\051}{subsection.109}% 53
\BOOKMARK [3][-]{section*.122}{\376\377\000V\000a\000r\000i\000a\000t\000i\000o\000n\000\040\000o\000f\000\040\000I\000n\000f\000o\000r\000m\000a\000t\000i\000o\000n\000\040\000V\000I\000\050\000X\000,\000Y\000\051}{subsection.109}% 54
\BOOKMARK [3][-]{section*.125}{\376\377\000M\000e\000a\000s\000u\000r\000i\000n\000g\000\040\000e\000n\000t\000r\000o\000p\000i\000e\000s\000\040\000\046\000\040\000m\000u\000t\000u\000a\000l\000\040\000i\000n\000f\000o\000r\000m\000a\000t\000i\000o\000n}{subsection.109}% 55
\BOOKMARK [2][-]{subsection.126}{\376\377\000N\000e\000t\000w\000o\000r\000k\000\040\000a\000n\000a\000l\000y\000s\000i\000s}{section.84}% 56
\BOOKMARK [3][-]{section*.127}{\376\377\000C\000o\000r\000r\000e\000l\000a\000t\000i\000o\000n\000\040\000n\000e\000t\000w\000o\000r\000k\000s}{subsection.126}% 57
\BOOKMARK [3][-]{section*.128}{\376\377\000R\000e\000c\000t\000i\000f\000i\000e\000d\000\040\000c\000o\000r\000r\000e\000l\000a\000t\000i\000o\000n\000s}{subsection.126}% 58
\BOOKMARK [3][-]{section*.129}{\376\377\000S\000p\000a\000r\000s\000i\000f\000y\000i\000n\000g\000\040\000d\000a\000t\000a\000\040\000n\000e\000t\000w\000o\000r\000k\000s}{subsection.126}% 59
\BOOKMARK [3][-]{section*.130}{\376\377\000C\000o\000m\000m\000u\000n\000i\000t\000i\000e\000s}{subsection.126}% 60
\BOOKMARK [3][-]{section*.131}{\376\377\000W\000e\000i\000g\000h\000t\000e\000d\000\040\000c\000o\000n\000f\000i\000g\000u\000r\000a\000t\000i\000o\000n\000\040\000m\000o\000d\000e\000l}{subsection.126}% 61
\BOOKMARK [3][-]{section*.132}{\376\377\000S\000p\000a\000r\000s\000e\000\040\000w\000e\000i\000g\000h\000t\000e\000d\000\040\000c\000o\000n\000f\000i\000g\000u\000r\000a\000t\000i\000o\000n\000\040\000m\000o\000d\000e\000l}{subsection.126}% 62
\BOOKMARK [3][-]{section*.133}{\376\377\000S\000p\000e\000c\000t\000r\000a\000l\000\040\000r\000e\000j\000e\000c\000t\000i\000o\000n}{subsection.126}% 63
\BOOKMARK [3][-]{section*.135}{\376\377\000N\000o\000d\000e\000\040\000r\000e\000j\000e\000c\000t\000i\000o\000n}{subsection.126}% 64
\BOOKMARK [3][-]{section*.136}{\376\377\000C\000o\000m\000m\000u\000n\000i\000t\000y\000\040\000d\000e\000t\000e\000c\000t\000i\000o\000n}{subsection.126}% 65
\BOOKMARK [2][-]{subsection.137}{\376\377\000C\000l\000u\000s\000t\000e\000r\000i\000n\000g\000\040\000C\000o\000m\000p\000a\000r\000i\000s\000o\000n}{section.84}% 66
\BOOKMARK [3][-]{section*.140}{\376\377\000A\000d\000j\000u\000s\000t\000e\000d\000\040\000R\000a\000n\000d\000\040\000I\000n\000d\000e\000x}{subsection.137}% 67
\BOOKMARK [3][-]{section*.143}{\376\377\000C\000l\000u\000s\000t\000e\000r\000i\000n\000g\000s\000\040\000a\000s\000\040\000r\000a\000n\000d\000o\000m\000\040\000v\000a\000r\000i\000a\000b\000l\000e\000s}{subsection.137}% 68
\BOOKMARK [3][-]{section*.147}{\376\377\000I\000n\000f\000o\000r\000m\000a\000t\000i\000o\000n\000\040\000b\000a\000s\000e\000d\000\040\000s\000i\000m\000i\000l\000a\000r\000i\000t\000y\000\040\000m\000e\000a\000s\000u\000r\000e\000s}{subsection.137}% 69
\BOOKMARK [3][-]{section*.154}{\376\377\000I\000n\000f\000o\000r\000m\000a\000t\000i\000o\000n\000\040\000b\000a\000s\000e\000d\000\040\000m\000e\000t\000r\000i\000c\000s}{subsection.137}% 70
\BOOKMARK [3][-]{section*.162}{\376\377\000C\000o\000m\000p\000a\000r\000i\000n\000g\000\040\000d\000e\000t\000e\000c\000t\000e\000d\000\040\000c\000o\000m\000m\000u\000n\000i\000t\000i\000e\000s\000\040\000a\000n\000d\000\040\000a\000n\000a\000t\000o\000m\000i\000c\000a\000l\000\040\000d\000i\000v\000i\000s\000i\000o\000n\000s}{subsection.137}% 71
\BOOKMARK [0][-]{chapter.163}{\376\377\000A\000\040\000s\000i\000m\000p\000l\000e\000\040\000t\000w\000o\000\040\000p\000a\000r\000a\000m\000e\000t\000e\000r\000\040\000d\000i\000s\000t\000r\000i\000b\000u\000t\000i\000o\000n\000\040\000f\000o\000r\000\040\000m\000o\000d\000e\000l\000l\000i\000n\000g\000\040\000n\000e\000u\000r\000o\000n\000a\000l\000\040\000a\000c\000t\000i\000v\000i\000t\000y\000\040\000a\000n\000d\000\040\000c\000a\000p\000t\000u\000r\000i\000n\000g\000\040\000n\000e\000u\000r\000o\000n\000a\000l\000\040\000a\000s\000s\000o\000c\000i\000a\000t\000i\000o\000n}{}% 72
\BOOKMARK [1][-]{section.165}{\376\377\000I\000n\000t\000r\000o\000d\000u\000c\000t\000i\000o\000n}{chapter.163}% 73
\BOOKMARK [1][-]{section.166}{\376\377\000R\000e\000s\000u\000l\000t\000s}{chapter.163}% 74
\BOOKMARK [2][-]{subsection.167}{\376\377\000I\000n\000c\000r\000e\000a\000s\000e\000s\000\040\000i\000n\000\040\000m\000e\000a\000n\000\040\000n\000u\000m\000b\000e\000r\000\040\000o\000f\000\040\000a\000c\000t\000i\000v\000e\000\040\000n\000e\000u\000r\000o\000n\000s\000\040\000a\000n\000d\000\040\000v\000a\000r\000i\000a\000n\000c\000e\000\040\000i\000n\000\040\000n\000u\000m\000b\000e\000r\000\040\000o\000f\000\040\000a\000c\000t\000i\000v\000e\000\040\000n\000e\000u\000r\000o\000n\000s\000\040\000a\000t\000\040\000s\000t\000i\000m\000u\000l\000u\000s\000\040\000o\000n\000s\000e\000t\000\040\000i\000n\000\040\000s\000o\000m\000e\000\040\000r\000e\000g\000i\000o\000n\000s}{section.166}% 75
\BOOKMARK [3][-]{section*.168}{\376\377\000P\000r\000i\000m\000a\000r\000y\000\040\000v\000i\000s\000u\000a\000l\000\040\000c\000o\000r\000t\000e\000x}{subsection.167}% 76
\BOOKMARK [3][-]{section*.170}{\376\377\000H\000i\000p\000p\000o\000c\000a\000m\000p\000u\000s}{subsection.167}% 77
\BOOKMARK [3][-]{section*.172}{\376\377\000T\000h\000a\000l\000a\000m\000u\000s}{subsection.167}% 78
\BOOKMARK [2][-]{subsection.174}{\376\377\000C\000o\000n\000w\000a\000y\000-\000M\000a\000x\000w\000e\000l\000l\000-\000b\000i\000n\000o\000m\000i\000a\000l\000\040\000d\000i\000s\000t\000r\000i\000b\000u\000t\000i\000o\000n\000\040\000i\000s\000\040\000u\000s\000u\000a\000l\000l\000y\000\040\000a\000\040\000b\000e\000t\000t\000e\000r\000\040\000f\000i\000t\000\040\000t\000h\000a\000n\000\040\000b\000i\000n\000o\000m\000i\000a\000l\000\040\000o\000r\000\040\000b\000e\000t\000a\000-\000b\000i\000n\000o\000m\000i\000a\000l}{section.166}% 79
\BOOKMARK [2][-]{subsection.177}{\376\377\000C\000o\000n\000w\000a\000y\000-\000M\000a\000x\000w\000e\000l\000l\000-\000b\000i\000n\000o\000m\000i\000a\000l\000\040\000d\000i\000s\000t\000r\000i\000b\000u\000t\000i\000o\000n\000\040\000c\000a\000p\000t\000u\000r\000e\000s\000\040\000c\000h\000a\000n\000g\000e\000s\000\040\000i\000n\000\040\000a\000s\000s\000o\000c\000i\000a\000t\000i\000o\000n\000\040\000a\000t\000\040\000s\000t\000i\000m\000u\000l\000u\000s\000\040\000o\000n\000s\000e\000t}{section.166}% 80
\BOOKMARK [2][-]{subsection.179}{\376\377\000R\000e\000p\000l\000i\000c\000a\000t\000i\000n\000g\000\040\000s\000t\000i\000m\000u\000l\000u\000s\000\040\000r\000e\000l\000a\000t\000e\000d\000\040\000q\000u\000e\000n\000c\000h\000i\000n\000g\000\040\000o\000f\000\040\000n\000e\000u\000r\000a\000l\000\040\000v\000a\000r\000i\000a\000b\000i\000l\000i\000t\000y}{section.166}% 81
\BOOKMARK [1][-]{section.181}{\376\377\000D\000i\000s\000c\000u\000s\000s\000i\000o\000n}{chapter.163}% 82
\BOOKMARK [1][-]{section.182}{\376\377\000D\000a\000t\000a}{chapter.163}% 83
\BOOKMARK [2][-]{subsection.184}{\376\377\000E\000x\000p\000e\000r\000i\000m\000e\000n\000t\000a\000l\000\040\000p\000r\000o\000t\000o\000c\000o\000l}{section.182}% 84
\BOOKMARK [1][-]{section.185}{\376\377\000M\000e\000t\000h\000o\000d\000s}{chapter.163}% 85
\BOOKMARK [2][-]{subsection.186}{\376\377\000B\000i\000n\000n\000i\000n\000g\000\040\000d\000a\000t\000a}{section.185}% 86
\BOOKMARK [2][-]{subsection.187}{\376\377\000N\000u\000m\000b\000e\000r\000\040\000o\000f\000\040\000a\000c\000t\000i\000v\000e\000\040\000n\000e\000u\000r\000o\000n\000s}{section.185}% 87
\BOOKMARK [2][-]{subsection.188}{\376\377\000M\000o\000v\000i\000n\000g\000\040\000w\000i\000n\000d\000o\000w\000s\000\040\000f\000o\000r\000\040\000m\000e\000a\000s\000u\000r\000e\000m\000e\000n\000t\000s}{section.185}% 88
\BOOKMARK [2][-]{subsection.190}{\376\377\000F\000a\000n\000o\000\040\000f\000a\000c\000t\000o\000r}{section.185}% 89
\BOOKMARK [2][-]{subsection.192}{\376\377\000P\000r\000o\000b\000a\000b\000i\000l\000i\000t\000y\000\040\000D\000i\000s\000t\000r\000i\000b\000u\000t\000i\000o\000n\000s\000\040\000s\000u\000i\000t\000a\000b\000l\000e\000\040\000f\000o\000r\000\040\000m\000o\000d\000e\000l\000l\000i\000n\000g\000\040\000e\000n\000s\000e\000m\000b\000l\000e\000\040\000a\000c\000t\000i\000v\000i\000t\000y}{section.185}% 90
\BOOKMARK [3][-]{section*.193}{\376\377\000A\000s\000s\000o\000c\000i\000a\000t\000i\000o\000n}{subsection.192}% 91
\BOOKMARK [3][-]{section*.194}{\376\377\000B\000i\000n\000o\000m\000i\000a\000l\000\040\000d\000i\000s\000t\000r\000i\000b\000u\000t\000i\000o\000n}{subsection.192}% 92
\BOOKMARK [3][-]{section*.196}{\376\377\000B\000e\000t\000a\000-\000b\000i\000n\000o\000m\000i\000a\000l\000\040\000d\000i\000s\000t\000r\000i\000b\000u\000t\000i\000o\000n}{subsection.192}% 93
\BOOKMARK [3][-]{section*.201}{\376\377\000C\000o\000n\000w\000a\000y\000-\000M\000a\000x\000w\000e\000l\000l\000-\000b\000i\000n\000o\000m\000i\000a\000l\000\040\000d\000i\000s\000t\000r\000i\000b\000u\000t\000i\000o\000n}{subsection.192}% 94
\BOOKMARK [2][-]{subsection.208}{\376\377\000F\000i\000t\000t\000i\000n\000g}{section.185}% 95
\BOOKMARK [2][-]{subsection.213}{\376\377\000G\000o\000o\000d\000n\000e\000s\000s\000-\000o\000f\000-\000f\000i\000t}{section.185}% 96
\BOOKMARK [0][-]{chapter.214}{\376\377\000S\000t\000u\000d\000i\000e\000s\000\040\000w\000i\000t\000h\000\040\000p\000r\000a\000c\000t\000i\000c\000a\000l\000\040\000l\000i\000m\000i\000t\000a\000t\000i\000o\000n\000s\000\040\000\046\000\040\000n\000e\000g\000a\000t\000i\000v\000e\000\040\000r\000e\000s\000u\000l\000t\000s}{}% 97
\BOOKMARK [1][-]{section.216}{\376\377\000D\000y\000n\000a\000m\000i\000c\000\040\000s\000t\000a\000t\000e\000\040\000s\000p\000a\000c\000e\000\040\000m\000o\000d\000e\000l\000\040\000o\000f\000\040\000p\000a\000i\000r\000w\000i\000s\000e\000\040\000a\000n\000d\000\040\000h\000i\000g\000h\000e\000r\000\040\000o\000r\000d\000e\000r\000\040\000n\000e\000u\000r\000o\000n\000a\000l\000\040\000c\000o\000r\000r\000e\000l\000a\000t\000i\000o\000n\000s}{chapter.214}% 98
\BOOKMARK [1][-]{section.217}{\376\377\000A\000\040\000m\000u\000l\000t\000i\000s\000c\000a\000l\000e\000\040\000m\000o\000d\000e\000l\000\040\000f\000o\000r\000\040\000h\000i\000e\000r\000a\000r\000c\000h\000i\000c\000a\000l\000\040\000d\000a\000t\000a\000\040\000a\000p\000p\000l\000i\000e\000d\000\040\000t\000o\000\040\000\040\000\040\000n\000e\000u\000r\000o\000n\000a\000l\000\040\000d\000a\000t\000a}{chapter.214}% 99
\BOOKMARK [0][-]{chapter*.218}{\376\377\000B\000i\000b\000l\000i\000o\000g\000r\000a\000p\000h\000y}{}% 100
