\BOOKMARK [0][-]{section*.1}{\376\377\000D\000e\000c\000l\000a\000r\000a\000t\000i\000o\000n\000\040\000o\000f\000\040\000A\000u\000t\000h\000o\000r\000s\000h\000i\000p}{}% 1
\BOOKMARK [0][-]{section*.2}{\376\377\000A\000b\000s\000t\000r\000a\000c\000t}{}% 2
\BOOKMARK [0][-]{section*.3}{\376\377\000A\000c\000k\000n\000o\000w\000l\000e\000d\000g\000e\000m\000e\000n\000t\000s}{}% 3
\BOOKMARK [0][-]{chapter.12}{\376\377\000I\000n\000t\000r\000o\000d\000u\000c\000t\000i\000o\000n}{}% 4
\BOOKMARK [1][-]{section.13}{\376\377\000O\000v\000e\000r\000v\000i\000e\000w}{chapter.12}% 5
\BOOKMARK [1][-]{section.14}{\376\377\000M\000o\000d\000e\000l\000l\000i\000n\000g\000\040\000t\000h\000e\000\040\000f\000l\000u\000o\000r\000e\000s\000c\000e\000n\000c\000e\000\040\000o\000f\000\040\000c\000a\000l\000c\000i\000u\000m\000\040\000i\000n\000d\000i\000c\000a\000t\000o\000r\000s}{chapter.12}% 6
\BOOKMARK [1][-]{section.15}{\376\377\000F\000u\000n\000c\000t\000i\000o\000n\000a\000l\000\040\000n\000e\000t\000w\000o\000r\000k\000s}{chapter.12}% 7
\BOOKMARK [1][-]{section.16}{\376\377\000A\000\040\000n\000e\000w\000\040\000s\000t\000a\000t\000i\000s\000t\000i\000c\000a\000l\000\040\000m\000o\000d\000e\000l\000\040\000f\000o\000r\000\040\000c\000a\000p\000t\000u\000r\000i\000n\000g\000\040\000c\000o\000r\000r\000e\000l\000a\000t\000e\000d\000\040\000b\000e\000h\000a\000v\000i\000o\000u\000r}{chapter.12}% 8
\BOOKMARK [0][-]{chapter.17}{\376\377\000S\000e\000n\000s\000i\000t\000i\000v\000i\000t\000y\000\040\000o\000f\000\040\000t\000h\000e\000\040\000s\000p\000i\000k\000e\000s\000-\000t\000o\000-\000f\000l\000u\000o\000r\000e\000s\000c\000e\000n\000c\000e\000\040\000t\000r\000a\000n\000s\000f\000o\000r\000m\000\040\000t\000o\000\040\000c\000a\000l\000c\000i\000u\000m\000\040\000i\000n\000d\000i\000c\000a\000t\000o\000r\000\040\000a\000n\000d\000\040\000n\000e\000u\000r\000o\000n\000\040\000p\000r\000o\000p\000e\000r\000t\000i\000e\000s}{}% 9
\BOOKMARK [1][-]{section.18}{\376\377\000I\000n\000t\000r\000o\000d\000u\000c\000t\000i\000o\000n}{chapter.17}% 10
\BOOKMARK [1][-]{section.20}{\376\377\000M\000e\000t\000h\000o\000d\000s}{chapter.17}% 11
\BOOKMARK [2][-]{subsection.21}{\376\377\000C\000a\000l\000c\000i\000u\000m\000\040\000d\000y\000n\000a\000m\000i\000c\000s\000\040\000m\000o\000d\000e\000l}{section.20}% 12
\BOOKMARK [3][-]{section*.27}{\376\377\000P\000h\000o\000t\000o\000n\000\040\000r\000e\000l\000e\000a\000s\000e\000\040\000\046\000\040\000c\000a\000p\000t\000u\000r\000e}{subsection.21}% 13
\BOOKMARK [2][-]{subsection.28}{\376\377\000P\000a\000r\000a\000m\000e\000t\000e\000r\000\040\000o\000p\000t\000i\000m\000i\000s\000a\000t\000i\000o\000n}{section.20}% 14
\BOOKMARK [3][-]{section*.37}{\376\377\000F\000i\000x\000e\000d\000\040\000p\000a\000r\000a\000m\000e\000t\000e\000r\000s}{subsection.28}% 15
\BOOKMARK [2][-]{subsection.39}{\376\377\000J\000u\000l\000i\000a}{section.20}% 16
\BOOKMARK [2][-]{subsection.40}{\376\377\000S\000p\000i\000k\000e\000\040\000i\000n\000f\000e\000r\000e\000n\000c\000e}{section.20}% 17
\BOOKMARK [3][-]{section*.41}{\376\377\000C\000o\000m\000p\000a\000r\000i\000n\000g\000\040\000s\000p\000i\000k\000e\000\040\000i\000n\000f\000e\000r\000e\000n\000c\000e\000\040\000q\000u\000a\000l\000i\000t\000y}{subsection.40}% 18
\BOOKMARK [2][-]{subsection.42}{\376\377\000P\000e\000r\000t\000u\000r\000b\000a\000t\000i\000o\000n\000\040\000a\000n\000a\000l\000y\000s\000i\000s}{section.20}% 19
\BOOKMARK [2][-]{subsection.43}{\376\377\000S\000i\000g\000n\000a\000l\000-\000t\000o\000-\000n\000o\000i\000s\000e\000\040\000r\000a\000t\000i\000o}{section.20}% 20
\BOOKMARK [2][-]{subsection.44}{\376\377\000D\000a\000t\000a\000\040\000s\000o\000u\000r\000c\000e\000s}{section.20}% 21
\BOOKMARK [1][-]{section.45}{\376\377\000R\000e\000s\000u\000l\000t\000s}{chapter.17}% 22
\BOOKMARK [2][-]{subsection.46}{\376\377\000A\000\040\000b\000i\000o\000p\000h\000y\000s\000i\000c\000a\000l\000\040\000c\000o\000m\000p\000u\000t\000a\000t\000i\000o\000n\000a\000l\000\040\000m\000o\000d\000e\000l\000\040\000c\000a\000n\000\040\000g\000e\000n\000e\000r\000a\000t\000e\000\040\000a\000c\000c\000u\000r\000a\000t\000e\000\040\000f\000l\000u\000o\000r\000e\000s\000c\000e\000n\000c\000e\000\040\000t\000r\000a\000c\000e\000s\000\040\000f\000r\000o\000m\000\040\000s\000p\000i\000k\000e\000\040\000t\000r\000a\000i\000n\000s}{section.45}% 23
\BOOKMARK [2][-]{subsection.47}{\376\377\000S\000p\000i\000k\000e\000\040\000i\000n\000f\000e\000r\000e\000n\000c\000e\000\040\000a\000l\000g\000o\000r\000i\000t\000h\000m\000s\000\040\000p\000e\000r\000f\000o\000r\000m\000\040\000s\000i\000m\000i\000l\000a\000r\000l\000y\000\040\000o\000n\000\040\000r\000e\000a\000l\000\040\000d\000a\000t\000a\000\040\000c\000o\000m\000p\000a\000r\000e\000d\000\040\000w\000i\000t\000h\000\040\000t\000i\000m\000e\000\040\000s\000e\000r\000i\000e\000s\000\040\000s\000i\000m\000u\000l\000a\000t\000e\000d\000\040\000f\000r\000o\000m\000\040\000t\000h\000e\000\040\000m\000o\000d\000e\000l}{section.45}% 24
\BOOKMARK [2][-]{subsection.49}{\376\377\000R\000e\000l\000a\000t\000i\000v\000e\000\040\000e\000f\000f\000e\000c\000t\000s\000\040\000o\000f\000\040\000v\000a\000r\000i\000o\000u\000s\000\040\000b\000u\000f\000f\000e\000r\000s\000\040\000t\000o\000\040\000t\000h\000e\000\040\000f\000l\000u\000o\000r\000e\000s\000c\000e\000n\000c\000e\000\040\000s\000i\000g\000n\000a\000l}{section.45}% 25
\BOOKMARK [2][-]{subsection.51}{\376\377\000S\000p\000i\000k\000e\000\040\000i\000n\000f\000e\000r\000e\000n\000c\000e\000\040\000a\000c\000c\000u\000r\000a\000c\000y\000\040\000i\000s\000\040\000s\000e\000n\000s\000i\000t\000i\000v\000e\000\040\000t\000o\000\040\000i\000n\000d\000i\000c\000a\000t\000o\000r\000\040\000p\000r\000o\000p\000e\000r\000t\000i\000e\000s\000,\000\040\000a\000n\000d\000\040\000l\000i\000k\000e\000l\000y\000\040\000v\000a\000r\000i\000e\000s\000\040\000w\000i\000t\000h\000i\000n\000\040\000a\000n\000d\000\040\000b\000e\000t\000w\000e\000e\000n\000\040\000c\000e\000l\000l\000s}{section.45}% 26
\BOOKMARK [2][-]{subsection.55}{\376\377\000S\000i\000n\000g\000l\000e\000\040\000s\000p\000i\000k\000e\000\040\000i\000n\000f\000e\000r\000e\000n\000c\000e\000\040\000a\000c\000c\000u\000r\000a\000c\000y\000\040\000d\000r\000o\000p\000s\000\040\000f\000o\000r\000\040\000h\000i\000g\000h\000\040\000f\000i\000r\000i\000n\000g\000\040\000r\000a\000t\000e\000s\000,\000\040\000b\000u\000t\000\040\000f\000i\000r\000i\000n\000g\000\040\000r\000a\000t\000e\000\040\000i\000t\000s\000e\000l\000f\000\040\000c\000a\000n\000\040\000b\000e\000\040\000e\000s\000t\000i\000m\000a\000t\000e\000d\000\040\000f\000r\000o\000m\000\040\000m\000e\000a\000n\000\040\000f\000l\000u\000o\000r\000e\000s\000c\000e\000n\000c\000e\000\040\000a\000m\000p\000l\000i\000t\000u\000d\000e}{section.45}% 27
\BOOKMARK [1][-]{section.58}{\376\377\000D\000i\000s\000c\000u\000s\000s\000i\000o\000n}{chapter.17}% 28
\BOOKMARK [0][-]{chapter.59}{\376\377\000F\000u\000n\000c\000t\000i\000o\000n\000a\000l\000\040\000n\000e\000t\000w\000o\000r\000k\000s\000\040\000e\000x\000p\000a\000n\000d\000\040\000a\000c\000r\000o\000s\000s\000\040\000a\000n\000a\000t\000o\000m\000i\000c\000a\000l\000\040\000b\000o\000u\000n\000d\000a\000r\000i\000e\000s\000\040\000a\000s\000\040\000c\000o\000r\000r\000e\000l\000a\000t\000i\000o\000n\000\040\000t\000i\000m\000e\000-\000s\000c\000a\000l\000e\000\040\000i\000n\000c\000r\000e\000a\000s\000e\000s}{}% 29
\BOOKMARK [1][-]{section.60}{\376\377\000I\000n\000t\000r\000o\000d\000u\000c\000t\000i\000o\000n}{chapter.59}% 30
\BOOKMARK [1][-]{section.61}{\376\377\000D\000a\000t\000a}{chapter.59}% 31
\BOOKMARK [2][-]{subsection.62}{\376\377\000B\000r\000a\000i\000n\000\040\000r\000e\000g\000i\000o\000n\000s}{section.61}% 32
\BOOKMARK [2][-]{subsection.67}{\376\377\000V\000i\000d\000e\000o\000\040\000r\000e\000c\000o\000r\000d\000i\000n\000g\000s}{section.61}% 33
\BOOKMARK [1][-]{section.68}{\376\377\000M\000e\000t\000h\000o\000d\000s}{chapter.59}% 34
\BOOKMARK [2][-]{subsection.69}{\376\377\000B\000i\000n\000n\000i\000n\000g\000\040\000d\000a\000t\000a}{section.68}% 35
\BOOKMARK [2][-]{subsection.70}{\376\377\000C\000o\000r\000r\000e\000l\000a\000t\000i\000o\000n\000\040\000c\000o\000e\000f\000f\000i\000c\000i\000e\000n\000t\000s}{section.68}% 36
\BOOKMARK [3][-]{section*.74}{\376\377\000T\000o\000t\000a\000l\000\040\000c\000o\000r\000r\000e\000l\000a\000t\000i\000o\000n\000s\000,\000\040\000r\000S\000C}{subsection.70}% 37
\BOOKMARK [3][-]{section*.75}{\376\377\000S\000h\000u\000f\000f\000l\000e\000d\000\040\000t\000o\000t\000a\000l\000\040\000c\000o\000r\000r\000e\000l\000a\000t\000i\000o\000n\000s}{subsection.70}% 38
\BOOKMARK [3][-]{section*.76}{\376\377\000S\000e\000p\000a\000r\000a\000t\000i\000n\000g\000\040\000C\000o\000r\000r\000e\000l\000a\000t\000i\000o\000n\000s\000\040\000\046\000\040\000A\000n\000t\000i\000-\000c\000o\000r\000r\000e\000l\000a\000t\000i\000o\000n\000s}{subsection.70}% 39
\BOOKMARK [2][-]{subsection.77}{\376\377\000C\000o\000n\000d\000i\000t\000i\000o\000n\000i\000n\000g\000\040\000o\000n\000\040\000b\000e\000h\000a\000v\000i\000o\000u\000r\000a\000l\000\040\000d\000a\000t\000a}{section.68}% 40
\BOOKMARK [3][-]{section*.80}{\376\377\000L\000i\000n\000e\000a\000r\000\040\000r\000e\000g\000r\000e\000s\000s\000i\000o\000n}{subsection.77}% 41
\BOOKMARK [3][-]{section*.81}{\376\377\000E\000l\000a\000s\000t\000i\000c\000\040\000n\000e\000t\000\040\000r\000e\000g\000u\000l\000a\000r\000i\000s\000a\000t\000i\000o\000n}{subsection.77}% 42
\BOOKMARK [3][-]{section*.86}{\376\377\000C\000o\000n\000d\000i\000t\000i\000o\000n\000a\000l\000\040\000c\000o\000v\000a\000r\000i\000a\000n\000c\000e}{subsection.77}% 43
\BOOKMARK [3][-]{section*.90}{\376\377\000M\000e\000a\000s\000u\000r\000e\000s\000\040\000o\000f\000\040\000c\000o\000n\000d\000i\000t\000i\000o\000n\000a\000l\000\040\000c\000o\000r\000r\000e\000l\000a\000t\000i\000o\000n}{subsection.77}% 44
\BOOKMARK [2][-]{subsection.93}{\376\377\000I\000n\000f\000o\000r\000m\000a\000t\000i\000o\000n\000\040\000T\000h\000e\000o\000r\000y}{section.68}% 45
\BOOKMARK [3][-]{section*.94}{\376\377\000E\000n\000t\000r\000o\000p\000y\000\040\000H\000\050\000X\000\051}{subsection.93}% 46
\BOOKMARK [3][-]{section*.98}{\376\377\000M\000a\000x\000i\000m\000u\000m\000\040\000e\000n\000t\000r\000o\000p\000y\000\040\000l\000i\000m\000i\000t}{subsection.93}% 47
\BOOKMARK [3][-]{section*.100}{\376\377\000M\000u\000t\000u\000a\000l\000\040\000I\000n\000f\000o\000r\000m\000a\000t\000i\000o\000n\000\040\000I\000\050\000X\000;\000Y\000\051}{subsection.93}% 48
\BOOKMARK [3][-]{section*.106}{\376\377\000V\000a\000r\000i\000a\000t\000i\000o\000n\000\040\000o\000f\000\040\000I\000n\000f\000o\000r\000m\000a\000t\000i\000o\000n\000\040\000V\000I\000\050\000X\000,\000Y\000\051}{subsection.93}% 49
\BOOKMARK [3][-]{section*.109}{\376\377\000M\000e\000a\000s\000u\000r\000i\000n\000g\000\040\000e\000n\000t\000r\000o\000p\000i\000e\000s\000\040\000\046\000\040\000m\000u\000t\000u\000a\000l\000\040\000i\000n\000f\000o\000r\000m\000a\000t\000i\000o\000n}{subsection.93}% 50
\BOOKMARK [2][-]{subsection.110}{\376\377\000N\000e\000t\000w\000o\000r\000k\000\040\000a\000n\000a\000l\000y\000s\000i\000s}{section.68}% 51
\BOOKMARK [3][-]{section*.111}{\376\377\000C\000o\000r\000r\000e\000l\000a\000t\000i\000o\000n\000\040\000n\000e\000t\000w\000o\000r\000k\000s}{subsection.110}% 52
\BOOKMARK [3][-]{section*.112}{\376\377\000R\000e\000c\000t\000i\000f\000i\000e\000d\000\040\000c\000o\000r\000r\000e\000l\000a\000t\000i\000o\000n\000s}{subsection.110}% 53
\BOOKMARK [3][-]{section*.113}{\376\377\000S\000p\000a\000r\000s\000i\000f\000y\000i\000n\000g\000\040\000d\000a\000t\000a\000\040\000n\000e\000t\000w\000o\000r\000k\000s}{subsection.110}% 54
\BOOKMARK [3][-]{section*.114}{\376\377\000C\000o\000m\000m\000u\000n\000i\000t\000i\000e\000s}{subsection.110}% 55
\BOOKMARK [3][-]{section*.115}{\376\377\000W\000e\000i\000g\000h\000t\000e\000d\000\040\000c\000o\000n\000f\000i\000g\000u\000r\000a\000t\000i\000o\000n\000\040\000m\000o\000d\000e\000l}{subsection.110}% 56
\BOOKMARK [3][-]{section*.116}{\376\377\000S\000p\000a\000r\000s\000e\000\040\000w\000e\000i\000g\000h\000t\000e\000d\000\040\000c\000o\000n\000f\000i\000g\000u\000r\000a\000t\000i\000o\000n\000\040\000m\000o\000d\000e\000l}{subsection.110}% 57
\BOOKMARK [3][-]{section*.117}{\376\377\000S\000p\000e\000c\000t\000r\000a\000l\000\040\000r\000e\000j\000e\000c\000t\000i\000o\000n}{subsection.110}% 58
\BOOKMARK [3][-]{section*.119}{\376\377\000N\000o\000d\000e\000\040\000r\000e\000j\000e\000c\000t\000i\000o\000n}{subsection.110}% 59
\BOOKMARK [3][-]{section*.120}{\376\377\000C\000o\000m\000m\000u\000n\000i\000t\000y\000\040\000d\000e\000t\000e\000c\000t\000i\000o\000n}{subsection.110}% 60
\BOOKMARK [2][-]{subsection.121}{\376\377\000C\000l\000u\000s\000t\000e\000r\000i\000n\000g\000\040\000C\000o\000m\000p\000a\000r\000i\000s\000o\000n}{section.68}% 61
\BOOKMARK [3][-]{section*.124}{\376\377\000A\000d\000j\000u\000s\000t\000e\000d\000\040\000R\000a\000n\000d\000\040\000I\000n\000d\000e\000x}{subsection.121}% 62
\BOOKMARK [3][-]{section*.127}{\376\377\000C\000l\000u\000s\000t\000e\000r\000i\000n\000g\000s\000\040\000a\000s\000\040\000r\000a\000n\000d\000o\000m\000\040\000v\000a\000r\000i\000a\000b\000l\000e\000s}{subsection.121}% 63
\BOOKMARK [3][-]{section*.131}{\376\377\000I\000n\000f\000o\000r\000m\000a\000t\000i\000o\000n\000\040\000b\000a\000s\000e\000d\000\040\000s\000i\000m\000i\000l\000a\000r\000i\000t\000y\000\040\000m\000e\000a\000s\000u\000r\000e\000s}{subsection.121}% 64
\BOOKMARK [3][-]{section*.138}{\376\377\000I\000n\000f\000o\000r\000m\000a\000t\000i\000o\000n\000\040\000b\000a\000s\000e\000d\000\040\000m\000e\000t\000r\000i\000c\000s}{subsection.121}% 65
\BOOKMARK [3][-]{section*.146}{\376\377\000C\000o\000m\000p\000a\000r\000i\000n\000g\000\040\000d\000e\000t\000e\000c\000t\000e\000d\000\040\000c\000o\000m\000m\000u\000n\000i\000t\000i\000e\000s\000\040\000a\000n\000d\000\040\000a\000n\000a\000t\000o\000m\000i\000c\000a\000l\000\040\000d\000i\000v\000i\000s\000i\000o\000n\000s}{subsection.121}% 66
\BOOKMARK [1][-]{section.147}{\376\377\000R\000e\000s\000u\000l\000t\000s}{chapter.59}% 67
\BOOKMARK [2][-]{subsection.148}{\376\377\000A\000v\000e\000r\000a\000g\000e\000\040\000c\000o\000r\000r\000e\000l\000a\000t\000i\000o\000n\000\040\000s\000i\000z\000e\000\040\000i\000n\000c\000r\000e\000a\000s\000e\000s\000\040\000w\000i\000t\000h\000\040\000i\000n\000c\000r\000e\000a\000s\000i\000n\000g\000\040\000t\000i\000m\000e\000\040\000b\000i\000n\000\040\000w\000i\000d\000t\000h}{section.147}% 68
\BOOKMARK [2][-]{subsection.151}{\376\377\000G\000o\000o\000d\000n\000e\000s\000s\000-\000o\000f\000-\000f\000i\000t\000\040\000f\000o\000r\000\040\000P\000o\000i\000s\000s\000o\000n\000\040\000a\000n\000d\000\040\000G\000a\000u\000s\000s\000i\000a\000n\000\040\000d\000i\000s\000t\000r\000i\000b\000u\000t\000i\000o\000n\000s\000\040\000a\000c\000r\000o\000s\000s\000\040\000i\000n\000c\000r\000e\000a\000s\000i\000n\000g\000\040\000t\000i\000m\000e\000\040\000b\000i\000n\000\040\000w\000i\000d\000t\000h\000s}{section.147}% 69
\BOOKMARK [2][-]{subsection.152}{\376\377\000D\000i\000f\000f\000e\000r\000e\000n\000c\000e\000s\000\040\000b\000e\000t\000w\000e\000e\000n\000\040\000a\000n\000d\000\040\000i\000n\000t\000e\000r\000-\000\040\000a\000n\000d\000\040\000i\000n\000t\000r\000a\000-\000\040\000r\000e\000g\000i\000o\000n\000a\000l\000\040\000c\000o\000r\000r\000e\000l\000a\000t\000i\000o\000n\000s\000\040\000d\000e\000c\000r\000e\000a\000s\000e\000\040\000w\000i\000t\000h\000\040\000i\000n\000c\000r\000e\000a\000s\000i\000n\000g\000\040\000b\000i\000n\000\040\000w\000i\000d\000t\000h}{section.147}% 70
\BOOKMARK [2][-]{subsection.156}{\376\377\000C\000o\000n\000n\000e\000c\000t\000e\000d\000\040\000a\000n\000d\000\040\000d\000i\000v\000i\000d\000e\000d\000\040\000s\000t\000r\000u\000c\000t\000u\000r\000e\000\040\000i\000n\000\040\000c\000o\000r\000r\000e\000l\000a\000t\000i\000o\000n\000\040\000b\000a\000s\000e\000d\000\040\000n\000e\000t\000w\000o\000r\000k\000s\000\040\000r\000e\000d\000u\000c\000e\000s\000\040\000i\000n\000\040\000d\000i\000m\000e\000n\000s\000i\000o\000n\000\040\000w\000i\000t\000h\000\040\000i\000n\000c\000r\000e\000a\000s\000i\000n\000g\000\040\000b\000i\000n\000\040\000w\000i\000d\000t\000h}{section.147}% 71
\BOOKMARK [2][-]{subsection.158}{\376\377\000D\000e\000t\000e\000c\000t\000i\000n\000g\000\040\000c\000o\000m\000m\000u\000n\000i\000t\000i\000e\000s\000\040\000i\000n\000\040\000c\000o\000r\000r\000e\000l\000a\000t\000i\000o\000n\000\040\000b\000a\000s\000e\000d\000\040\000n\000e\000t\000w\000o\000r\000k\000s}{section.147}% 72
\BOOKMARK [2][-]{subsection.160}{\376\377\000F\000u\000n\000c\000t\000i\000o\000n\000a\000l\000\040\000c\000o\000m\000m\000u\000n\000i\000t\000i\000e\000s\000\040\000r\000e\000s\000e\000m\000b\000l\000e\000\040\000a\000n\000a\000t\000o\000m\000i\000c\000a\000l\000\040\000d\000i\000v\000i\000s\000i\000o\000n\000\040\000a\000t\000\040\000s\000h\000o\000r\000t\000\040\000t\000i\000m\000e\000s\000c\000a\000l\000e\000s}{section.147}% 73
\BOOKMARK [2][-]{subsection.162}{\376\377\000C\000o\000n\000d\000i\000t\000i\000o\000n\000a\000l\000\040\000c\000o\000r\000r\000e\000l\000a\000t\000i\000o\000n\000s\000\040\000\046\000\040\000s\000i\000g\000n\000a\000l\000\040\000c\000o\000r\000r\000e\000l\000a\000t\000i\000o\000n\000s}{section.147}% 74
\BOOKMARK [2][-]{subsection.168}{\376\377\000A\000b\000s\000o\000l\000u\000t\000e\000\040\000c\000o\000r\000r\000e\000l\000a\000t\000i\000o\000n\000s\000\040\000a\000n\000d\000\040\000n\000e\000g\000a\000t\000i\000v\000e\000\040\000r\000e\000c\000t\000i\000f\000i\000e\000d\000\040\000c\000o\000r\000r\000e\000l\000a\000t\000i\000o\000n\000s}{section.147}% 75
\BOOKMARK [1][-]{section.171}{\376\377\000D\000i\000s\000c\000u\000s\000s\000i\000o\000n}{chapter.59}% 76
\BOOKMARK [0][-]{chapter.172}{\376\377\000A\000\040\000s\000i\000m\000p\000l\000e\000\040\000t\000w\000o\000\040\000p\000a\000r\000a\000m\000e\000t\000e\000r\000\040\000d\000i\000s\000t\000r\000i\000b\000u\000t\000i\000o\000n\000\040\000f\000o\000r\000\040\000m\000o\000d\000e\000l\000l\000i\000n\000g\000\040\000n\000e\000u\000r\000o\000n\000a\000l\000\040\000a\000c\000t\000i\000v\000i\000t\000y\000\040\000a\000n\000d\000\040\000c\000a\000p\000t\000u\000r\000i\000n\000g\000\040\000n\000e\000u\000r\000o\000n\000a\000l\000\040\000a\000s\000s\000o\000c\000i\000a\000t\000i\000o\000n}{}% 77
\BOOKMARK [1][-]{section.173}{\376\377\000I\000n\000t\000r\000o\000d\000u\000c\000t\000i\000o\000n}{chapter.172}% 78
\BOOKMARK [1][-]{section.174}{\376\377\000D\000a\000t\000a}{chapter.172}% 79
\BOOKMARK [2][-]{subsection.176}{\376\377\000E\000x\000p\000e\000r\000i\000m\000e\000n\000t\000a\000l\000\040\000p\000r\000o\000t\000o\000c\000o\000l}{section.174}% 80
\BOOKMARK [1][-]{section.177}{\376\377\000M\000e\000t\000h\000o\000d\000s}{chapter.172}% 81
\BOOKMARK [2][-]{subsection.178}{\376\377\000B\000i\000n\000n\000i\000n\000g\000\040\000d\000a\000t\000a}{section.177}% 82
\BOOKMARK [2][-]{subsection.179}{\376\377\000N\000u\000m\000b\000e\000r\000\040\000o\000f\000\040\000a\000c\000t\000i\000v\000e\000\040\000n\000e\000u\000r\000o\000n\000s}{section.177}% 83
\BOOKMARK [2][-]{subsection.180}{\376\377\000M\000o\000v\000i\000n\000g\000\040\000w\000i\000n\000d\000o\000w\000s\000\040\000f\000o\000r\000\040\000m\000e\000a\000s\000u\000r\000e\000m\000e\000n\000t\000s}{section.177}% 84
\BOOKMARK [2][-]{subsection.182}{\376\377\000F\000a\000n\000o\000\040\000f\000a\000c\000t\000o\000r}{section.177}% 85
\BOOKMARK [2][-]{subsection.184}{\376\377\000P\000r\000o\000b\000a\000b\000i\000l\000i\000t\000y\000\040\000D\000i\000s\000t\000r\000i\000b\000u\000t\000i\000o\000n\000s\000\040\000s\000u\000i\000t\000a\000b\000l\000e\000\040\000f\000o\000r\000\040\000m\000o\000d\000e\000l\000l\000i\000n\000g\000\040\000e\000n\000s\000e\000m\000b\000l\000e\000\040\000a\000c\000t\000i\000v\000i\000t\000y}{section.177}% 86
\BOOKMARK [3][-]{section*.185}{\376\377\000A\000s\000s\000o\000c\000i\000a\000t\000i\000o\000n}{subsection.184}% 87
\BOOKMARK [3][-]{section*.186}{\376\377\000B\000i\000n\000o\000m\000i\000a\000l\000\040\000d\000i\000s\000t\000r\000i\000b\000u\000t\000i\000o\000n}{subsection.184}% 88
\BOOKMARK [3][-]{section*.188}{\376\377\000B\000e\000t\000a\000-\000b\000i\000n\000o\000m\000i\000a\000l\000\040\000d\000i\000s\000t\000r\000i\000b\000u\000t\000i\000o\000n}{subsection.184}% 89
\BOOKMARK [3][-]{section*.193}{\376\377\000C\000o\000n\000w\000a\000y\000-\000M\000a\000x\000w\000e\000l\000l\000-\000b\000i\000n\000o\000m\000i\000a\000l\000\040\000d\000i\000s\000t\000r\000i\000b\000u\000t\000i\000o\000n}{subsection.184}% 90
\BOOKMARK [2][-]{subsection.200}{\376\377\000F\000i\000t\000t\000i\000n\000g}{section.177}% 91
\BOOKMARK [2][-]{subsection.205}{\376\377\000G\000o\000o\000d\000n\000e\000s\000s\000-\000o\000f\000-\000f\000i\000t}{section.177}% 92
\BOOKMARK [1][-]{section.206}{\376\377\000R\000e\000s\000u\000l\000t\000s}{chapter.172}% 93
\BOOKMARK [2][-]{subsection.207}{\376\377\000I\000n\000c\000r\000e\000a\000s\000e\000s\000\040\000i\000n\000\040\000m\000e\000a\000n\000\040\000n\000u\000m\000b\000e\000r\000\040\000o\000f\000\040\000a\000c\000t\000i\000v\000e\000\040\000n\000e\000u\000r\000o\000n\000s\000\040\000a\000n\000d\000\040\000v\000a\000r\000i\000a\000n\000c\000e\000\040\000i\000n\000\040\000n\000u\000m\000b\000e\000r\000\040\000o\000f\000\040\000a\000c\000t\000i\000v\000e\000\040\000n\000e\000u\000r\000o\000n\000s\000\040\000a\000t\000\040\000s\000t\000i\000m\000u\000l\000u\000s\000\040\000o\000n\000s\000e\000t\000\040\000i\000n\000\040\000s\000o\000m\000e\000\040\000r\000e\000g\000i\000o\000n\000s}{section.206}% 94
\BOOKMARK [3][-]{section*.208}{\376\377\000P\000r\000i\000m\000a\000r\000y\000\040\000v\000i\000s\000u\000a\000l\000\040\000c\000o\000r\000t\000e\000x}{subsection.207}% 95
\BOOKMARK [3][-]{section*.210}{\376\377\000H\000i\000p\000p\000o\000c\000a\000m\000p\000u\000s}{subsection.207}% 96
\BOOKMARK [3][-]{section*.212}{\376\377\000T\000h\000a\000l\000a\000m\000u\000s}{subsection.207}% 97
\BOOKMARK [2][-]{subsection.214}{\376\377\000C\000o\000n\000w\000a\000y\000-\000M\000a\000x\000w\000e\000l\000l\000-\000b\000i\000n\000o\000m\000i\000a\000l\000\040\000d\000i\000s\000t\000r\000i\000b\000u\000t\000i\000o\000n\000\040\000i\000s\000\040\000u\000s\000u\000a\000l\000l\000y\000\040\000a\000\040\000b\000e\000t\000t\000e\000r\000\040\000f\000i\000t\000\040\000t\000h\000a\000n\000\040\000b\000i\000n\000o\000m\000i\000a\000l\000\040\000o\000r\000\040\000b\000e\000t\000a\000-\000b\000i\000n\000o\000m\000i\000a\000l}{section.206}% 98
\BOOKMARK [2][-]{subsection.217}{\376\377\000C\000o\000n\000w\000a\000y\000-\000M\000a\000x\000w\000e\000l\000l\000-\000b\000i\000n\000o\000m\000i\000a\000l\000\040\000d\000i\000s\000t\000r\000i\000b\000u\000t\000i\000o\000n\000\040\000c\000a\000p\000t\000u\000r\000e\000s\000\040\000c\000h\000a\000n\000g\000e\000s\000\040\000i\000n\000\040\000a\000s\000s\000o\000c\000i\000a\000t\000i\000o\000n\000\040\000a\000t\000\040\000s\000t\000i\000m\000u\000l\000u\000s\000\040\000o\000n\000s\000e\000t}{section.206}% 99
\BOOKMARK [2][-]{subsection.219}{\376\377\000R\000e\000p\000l\000i\000c\000a\000t\000i\000n\000g\000\040\000s\000t\000i\000m\000u\000l\000u\000s\000\040\000r\000e\000l\000a\000t\000e\000d\000\040\000q\000u\000e\000n\000c\000h\000i\000n\000g\000\040\000o\000f\000\040\000n\000e\000u\000r\000a\000l\000\040\000v\000a\000r\000i\000a\000b\000i\000l\000i\000t\000y}{section.206}% 100
\BOOKMARK [1][-]{section.221}{\376\377\000D\000i\000s\000c\000u\000s\000s\000i\000o\000n}{chapter.172}% 101
\BOOKMARK [0][-]{chapter.222}{\376\377\000S\000t\000u\000d\000i\000e\000s\000\040\000w\000i\000t\000h\000\040\000p\000r\000a\000c\000t\000i\000c\000a\000l\000\040\000l\000i\000m\000i\000t\000a\000t\000i\000o\000n\000s\000\040\000\046\000\040\000n\000e\000g\000a\000t\000i\000v\000e\000\040\000r\000e\000s\000u\000l\000t\000s}{}% 102
\BOOKMARK [1][-]{section.223}{\376\377\000D\000y\000n\000a\000m\000i\000c\000\040\000s\000t\000a\000t\000e\000\040\000s\000p\000a\000c\000e\000\040\000m\000o\000d\000e\000l\000\040\000o\000f\000\040\000p\000a\000i\000r\000w\000i\000s\000e\000\040\000a\000n\000d\000\040\000h\000i\000g\000h\000e\000r\000\040\000o\000r\000d\000e\000r\000\040\000n\000e\000u\000r\000o\000n\000a\000l\000\040\000c\000o\000r\000r\000e\000l\000a\000t\000i\000o\000n\000s}{chapter.222}% 103
\BOOKMARK [1][-]{section.224}{\376\377\000A\000\040\000m\000u\000l\000t\000i\000s\000c\000a\000l\000e\000\040\000m\000o\000d\000e\000l\000\040\000f\000o\000r\000\040\000h\000i\000e\000r\000a\000r\000c\000h\000i\000c\000a\000l\000\040\000d\000a\000t\000a\000\040\000a\000p\000p\000l\000i\000e\000d\000\040\000t\000o\000\040\000\040\000\040\000n\000e\000u\000r\000o\000n\000a\000l\000\040\000d\000a\000t\000a}{chapter.222}% 104
\BOOKMARK [0][-]{chapter.225}{\376\377\000D\000i\000s\000c\000u\000s\000s\000i\000o\000n}{}% 105
\BOOKMARK [0][-]{chapter*.226}{\376\377\000B\000i\000b\000l\000i\000o\000g\000r\000a\000p\000h\000y}{}% 106
