This is pdfTeX, Version 3.14159265-2.6-1.40.19 (TeX Live 2018) (preloaded format=pdflatex 2019.2.24)  14 MAY 2020 15:36
entering extended mode
 restricted \write18 enabled.
 %&-line parsing enabled.
**publication_list.tex
(./publication_list.tex
LaTeX2e <2018-04-01> patch level 5
(/usr/share/texlive/texmf-dist/tex/latex/base/article.cls
Document Class: article 2014/09/29 v1.4h Standard LaTeX document class
(/usr/share/texlive/texmf-dist/tex/latex/base/size12.clo
File: size12.clo 2014/09/29 v1.4h Standard LaTeX file (size option)
)
\c@part=\count80
\c@section=\count81
\c@subsection=\count82
\c@subsubsection=\count83
\c@paragraph=\count84
\c@subparagraph=\count85
\c@figure=\count86
\c@table=\count87
\abovecaptionskip=\skip41
\belowcaptionskip=\skip42
\bibindent=\dimen102
)
(./publication_list.aux)
\openout1 = `publication_list.aux'.

LaTeX Font Info:    Checking defaults for OML/cmm/m/it on input line 3.
LaTeX Font Info:    ... okay on input line 3.
LaTeX Font Info:    Checking defaults for T1/cmr/m/n on input line 3.
LaTeX Font Info:    ... okay on input line 3.
LaTeX Font Info:    Checking defaults for OT1/cmr/m/n on input line 3.
LaTeX Font Info:    ... okay on input line 3.
LaTeX Font Info:    Checking defaults for OMS/cmsy/m/n on input line 3.
LaTeX Font Info:    ... okay on input line 3.
LaTeX Font Info:    Checking defaults for OMX/cmex/m/n on input line 3.
LaTeX Font Info:    ... okay on input line 3.
LaTeX Font Info:    Checking defaults for U/cmr/m/n on input line 3.
LaTeX Font Info:    ... okay on input line 3.

Overfull \hbox (2.11539pt too wide) in paragraph at lines 11--15
\OT1/cmr/m/n/12 across anatom-i-cal bound-aries as cor-re-la-tion time-scale in
-creases." PLOS
 []


Overfull \hbox (0.57928pt too wide) in paragraph at lines 25--27
\OT1/cmr/m/n/12 Poster: Mod-elling flu-o-res-cent cal-cium in-di-ca-tor re-spon
se to spike trains. 
 []


Overfull \hbox (0.57928pt too wide) in paragraph at lines 27--29
\OT1/cmr/m/n/12 Poster: Mod-elling flu-o-res-cent cal-cium in-di-ca-tor re-spon
se to spike trains. 
 []

[1

{/usr/share/texlive/texmf-dist/fonts/map/pdftex/updmap/pdftex.map}]
(./publication_list.aux) ) 
Here is how much of TeX's memory you used:
 208 strings out of 492701
 2309 string characters out of 6134504
 60831 words of memory out of 5000000
 4166 multiletter control sequences out of 15000+600000
 4851 words of font info for 18 fonts, out of 8000000 for 9000
 1137 hyphenation exceptions out of 8191
 22i,4n,19p,128b,119s stack positions out of 5000i,500n,10000p,200000b,80000s
</usr/share/texlive/texmf-dist/fonts/type1/public/ams
fonts/cm/cmbx12.pfb></usr/share/texlive/texmf-dist/fonts/type1/public/amsfonts/
cm/cmr12.pfb>
Output written on publication_list.pdf (1 page, 31507 bytes).
PDF statistics:
 16 PDF objects out of 1000 (max. 8388607)
 10 compressed objects within 1 object stream
 0 named destinations out of 1000 (max. 500000)
 1 words of extra memory for PDF output out of 10000 (max. 10000000)

