This is pdfTeX, Version 3.14159265-2.6-1.40.20 (TeX Live 2019) (preloaded format=pdflatex 2020.5.17)  30 JUN 2020 12:37
entering extended mode
 restricted \write18 enabled.
 file:line:error style messages enabled.
 %&-line parsing enabled.
**calcium_imaging_model_paper.tex
(./calcium_imaging_model_paper.tex
LaTeX2e <2018-12-01>
(/usr/share/texlive/texmf-dist/tex/latex/base/article.cls
Document Class: article 2018/09/03 v1.4i Standard LaTeX document class
(/usr/share/texlive/texmf-dist/tex/latex/base/size12.clo
File: size12.clo 2018/09/03 v1.4i Standard LaTeX file (size option)
)
\c@part=\count80
\c@section=\count81
\c@subsection=\count82
\c@subsubsection=\count83
\c@paragraph=\count84
\c@subparagraph=\count85
\c@figure=\count86
\c@table=\count87
\abovecaptionskip=\skip41
\belowcaptionskip=\skip42
\bibindent=\dimen102
) (/usr/share/texlive/texmf-dist/tex/latex/base/inputenc.sty
Package: inputenc 2018/08/11 v1.3c Input encoding file
\inpenc@prehook=\toks14
\inpenc@posthook=\toks15
 (/usr/share/texlive/texmf-dist/tex/latex/ucs/utf8x.def
File: utf8x.def 2004/10/17 UCS: Input encoding UTF-8
)) (/usr/share/texlive/texmf-dist/tex/latex/ucs/ucs.sty
Package: ucs 2013/05/11 v2.2 UCS: Unicode input support
 (/usr/share/texlive/texmf-dist/tex/latex/ucs/data/uni-global.def
File: uni-global.def 2013/05/13 UCS: Unicode global data
)
\uc@secondtry=\count88
\uc@combtoks=\toks16
\uc@combtoksb=\toks17
\uc@temptokena=\toks18
) (/usr/share/texlive/texmf-dist/tex/latex/amsfonts/amssymb.sty
Package: amssymb 2013/01/14 v3.01 AMS font symbols
 (/usr/share/texlive/texmf-dist/tex/latex/amsfonts/amsfonts.sty
Package: amsfonts 2013/01/14 v3.01 Basic AMSFonts support
\@emptytoks=\toks19
\symAMSa=\mathgroup4
\symAMSb=\mathgroup5
LaTeX Font Info:    Overwriting math alphabet `\mathfrak' in version `bold'
(Font)                  U/euf/m/n --> U/euf/b/n on input line 106.
)) (/usr/share/texlive/texmf-dist/tex/latex/jknapltx/mathrsfs.sty
Package: mathrsfs 1996/01/01 Math RSFS package v1.0 (jk)
\symrsfs=\mathgroup6
) (/usr/share/texlive/texmf-dist/tex/latex/amsmath/amsmath.sty
Package: amsmath 2018/12/01 v2.17b AMS math features
\@mathmargin=\skip43

For additional information on amsmath, use the `?' option.
(/usr/share/texlive/texmf-dist/tex/latex/amsmath/amstext.sty
Package: amstext 2000/06/29 v2.01 AMS text
 (/usr/share/texlive/texmf-dist/tex/latex/amsmath/amsgen.sty
File: amsgen.sty 1999/11/30 v2.0 generic functions
\@emptytoks=\toks20
\ex@=\dimen103
)) (/usr/share/texlive/texmf-dist/tex/latex/amsmath/amsbsy.sty
Package: amsbsy 1999/11/29 v1.2d Bold Symbols
\pmbraise@=\dimen104
) (/usr/share/texlive/texmf-dist/tex/latex/amsmath/amsopn.sty
Package: amsopn 2016/03/08 v2.02 operator names
)
\inf@bad=\count89
LaTeX Info: Redefining \frac on input line 223.
\uproot@=\count90
\leftroot@=\count91
LaTeX Info: Redefining \overline on input line 385.
\classnum@=\count92
\DOTSCASE@=\count93
LaTeX Info: Redefining \ldots on input line 482.
LaTeX Info: Redefining \dots on input line 485.
LaTeX Info: Redefining \cdots on input line 606.
\Mathstrutbox@=\box27
\strutbox@=\box28
\big@size=\dimen105
LaTeX Font Info:    Redeclaring font encoding OML on input line 729.
LaTeX Font Info:    Redeclaring font encoding OMS on input line 730.
\macc@depth=\count94
\c@MaxMatrixCols=\count95
\dotsspace@=\muskip10
\c@parentequation=\count96
\dspbrk@lvl=\count97
\tag@help=\toks21
\row@=\count98
\column@=\count99
\maxfields@=\count100
\andhelp@=\toks22
\eqnshift@=\dimen106
\alignsep@=\dimen107
\tagshift@=\dimen108
\tagwidth@=\dimen109
\totwidth@=\dimen110
\lineht@=\dimen111
\@envbody=\toks23
\multlinegap=\skip44
\multlinetaggap=\skip45
\mathdisplay@stack=\toks24
LaTeX Info: Redefining \[ on input line 2844.
LaTeX Info: Redefining \] on input line 2845.
) (/usr/share/texlive/texmf-dist/tex/latex/amscls/amsthm.sty
Package: amsthm 2017/10/31 v2.20.4
\thm@style=\toks25
\thm@bodyfont=\toks26
\thm@headfont=\toks27
\thm@notefont=\toks28
\thm@headpunct=\toks29
\thm@preskip=\skip46
\thm@postskip=\skip47
\thm@headsep=\skip48
\dth@everypar=\toks30
) (/usr/share/texlive/texmf-dist/tex/latex/geometry/geometry.sty
Package: geometry 2018/04/16 v5.8 Page Geometry
 (/usr/share/texlive/texmf-dist/tex/latex/graphics/keyval.sty
Package: keyval 2014/10/28 v1.15 key=value parser (DPC)
\KV@toks@=\toks31
) (/usr/share/texlive/texmf-dist/tex/generic/oberdiek/ifpdf.sty
Package: ifpdf 2018/09/07 v3.3 Provides the ifpdf switch
) (/usr/share/texlive/texmf-dist/tex/generic/oberdiek/ifvtex.sty
Package: ifvtex 2016/05/16 v1.6 Detect VTeX and its facilities (HO)
Package ifvtex Info: VTeX not detected.
) (/usr/share/texlive/texmf-dist/tex/generic/ifxetex/ifxetex.sty
Package: ifxetex 2010/09/12 v0.6 Provides ifxetex conditional
)
\Gm@cnth=\count101
\Gm@cntv=\count102
\c@Gm@tempcnt=\count103
\Gm@bindingoffset=\dimen112
\Gm@wd@mp=\dimen113
\Gm@odd@mp=\dimen114
\Gm@even@mp=\dimen115
\Gm@layoutwidth=\dimen116
\Gm@layoutheight=\dimen117
\Gm@layouthoffset=\dimen118
\Gm@layoutvoffset=\dimen119
\Gm@dimlist=\toks32
) (/usr/share/texlive/texmf-dist/tex/latex/psnfss/times.sty
Package: times 2005/04/12 PSNFSS-v9.2a (SPQR) 
) (/usr/share/texlive/texmf-dist/tex/latex/graphics/graphicx.sty
Package: graphicx 2017/06/01 v1.1a Enhanced LaTeX Graphics (DPC,SPQR)
 (/usr/share/texlive/texmf-dist/tex/latex/graphics/graphics.sty
Package: graphics 2017/06/25 v1.2c Standard LaTeX Graphics (DPC,SPQR)
 (/usr/share/texlive/texmf-dist/tex/latex/graphics/trig.sty
Package: trig 2016/01/03 v1.10 sin cos tan (DPC)
) (/usr/share/texlive/texmf-dist/tex/latex/graphics-cfg/graphics.cfg
File: graphics.cfg 2016/06/04 v1.11 sample graphics configuration
)
Package graphics Info: Driver file: pdftex.def on input line 99.
 (/usr/share/texlive/texmf-dist/tex/latex/graphics-def/pdftex.def
File: pdftex.def 2018/01/08 v1.0l Graphics/color driver for pdftex
))
\Gin@req@height=\dimen120
\Gin@req@width=\dimen121
) (/usr/share/texlive/texmf-dist/tex/latex/enumitem/enumitem.sty
Package: enumitem 2019/06/20 v3.9 Customized lists
\labelindent=\skip49
\enit@outerparindent=\dimen122
\enit@toks=\toks33
\enit@inbox=\box29
\enit@count@id=\count104
\enitdp@description=\count105
) (/usr/share/texlive/texmf-dist/tex/latex/fancyhdr/fancyhdr.sty
Package: fancyhdr 2019/01/31 v3.10 Extensive control of page headers and footers
\f@nch@headwidth=\skip50
\f@nch@O@elh=\skip51
\f@nch@O@erh=\skip52
\f@nch@O@olh=\skip53
\f@nch@O@orh=\skip54
\f@nch@O@elf=\skip55
\f@nch@O@erf=\skip56
\f@nch@O@olf=\skip57
\f@nch@O@orf=\skip58
) (/usr/share/texlive/texmf-dist/tex/latex/hyperref/hyperref.sty
Package: hyperref 2019/06/12 v6.88h Hypertext links for LaTeX
 (/usr/share/texlive/texmf-dist/tex/generic/oberdiek/hobsub-hyperref.sty
Package: hobsub-hyperref 2016/05/16 v1.14 Bundle oberdiek, subset hyperref (HO)
 (/usr/share/texlive/texmf-dist/tex/generic/oberdiek/hobsub-generic.sty
Package: hobsub-generic 2016/05/16 v1.14 Bundle oberdiek, subset generic (HO)
Package: hobsub 2016/05/16 v1.14 Construct package bundles (HO)
Package: infwarerr 2016/05/16 v1.4 Providing info/warning/error messages (HO)
Package: ltxcmds 2016/05/16 v1.23 LaTeX kernel commands for general use (HO)
Package: ifluatex 2016/05/16 v1.4 Provides the ifluatex switch (HO)
Package ifluatex Info: LuaTeX not detected.
Package hobsub Info: Skipping package `ifvtex' (already loaded).
Package: intcalc 2016/05/16 v1.2 Expandable calculations with integers (HO)
Package hobsub Info: Skipping package `ifpdf' (already loaded).
Package: etexcmds 2016/05/16 v1.6 Avoid name clashes with e-TeX commands (HO)
Package: kvsetkeys 2016/05/16 v1.17 Key value parser (HO)
Package: kvdefinekeys 2016/05/16 v1.4 Define keys (HO)
Package: pdftexcmds 2018/09/10 v0.29 Utility functions of pdfTeX for LuaTeX (HO)
Package pdftexcmds Info: LuaTeX not detected.
Package pdftexcmds Info: \pdf@primitive is available.
Package pdftexcmds Info: \pdf@ifprimitive is available.
Package pdftexcmds Info: \pdfdraftmode found.
Package: pdfescape 2016/05/16 v1.14 Implements pdfTeX's escape features (HO)
Package: bigintcalc 2016/05/16 v1.4 Expandable calculations on big integers (HO)
Package: bitset 2016/05/16 v1.2 Handle bit-vector datatype (HO)
Package: uniquecounter 2016/05/16 v1.3 Provide unlimited unique counter (HO)
)
Package hobsub Info: Skipping package `hobsub' (already loaded).
Package: letltxmacro 2016/05/16 v1.5 Let assignment for LaTeX macros (HO)
Package: hopatch 2016/05/16 v1.3 Wrapper for package hooks (HO)
Package: xcolor-patch 2016/05/16 xcolor patch
Package: atveryend 2016/05/16 v1.9 Hooks at the very end of document (HO)
Package atveryend Info: \enddocument detected (standard20110627).
Package: atbegshi 2016/06/09 v1.18 At begin shipout hook (HO)
Package: refcount 2016/05/16 v3.5 Data extraction from label references (HO)
Package: hycolor 2016/05/16 v1.8 Color options for hyperref/bookmark (HO)
) (/usr/share/texlive/texmf-dist/tex/latex/oberdiek/auxhook.sty
Package: auxhook 2016/05/16 v1.4 Hooks for auxiliary files (HO)
) (/usr/share/texlive/texmf-dist/tex/latex/oberdiek/kvoptions.sty
Package: kvoptions 2016/05/16 v3.12 Key value format for package options (HO)
)
\@linkdim=\dimen123
\Hy@linkcounter=\count106
\Hy@pagecounter=\count107
 (/usr/share/texlive/texmf-dist/tex/latex/hyperref/pd1enc.def
File: pd1enc.def 2019/06/12 v6.88h Hyperref: PDFDocEncoding definition (HO)
)
\Hy@SavedSpaceFactor=\count108
 (/usr/share/texlive/texmf-dist/tex/latex/latexconfig/hyperref.cfg
File: hyperref.cfg 2002/06/06 v1.2 hyperref configuration of TeXLive
)
Package hyperref Info: Hyper figures OFF on input line 4550.
Package hyperref Info: Link nesting OFF on input line 4555.
Package hyperref Info: Hyper index ON on input line 4558.
Package hyperref Info: Plain pages OFF on input line 4565.
Package hyperref Info: Backreferencing OFF on input line 4570.
Package hyperref Info: Implicit mode ON; LaTeX internals redefined.
Package hyperref Info: Bookmarks ON on input line 4803.
\c@Hy@tempcnt=\count109
 (/usr/share/texlive/texmf-dist/tex/latex/url/url.sty
\Urlmuskip=\muskip11
Package: url 2013/09/16  ver 3.4  Verb mode for urls, etc.
)
LaTeX Info: Redefining \url on input line 5156.
\XeTeXLinkMargin=\dimen124
\Fld@menulength=\count110
\Field@Width=\dimen125
\Fld@charsize=\dimen126
Package hyperref Info: Hyper figures OFF on input line 6411.
Package hyperref Info: Link nesting OFF on input line 6416.
Package hyperref Info: Hyper index ON on input line 6419.
Package hyperref Info: backreferencing OFF on input line 6426.
Package hyperref Info: Link coloring OFF on input line 6431.
Package hyperref Info: Link coloring with OCG OFF on input line 6436.
Package hyperref Info: PDF/A mode OFF on input line 6441.
LaTeX Info: Redefining \ref on input line 6481.
LaTeX Info: Redefining \pageref on input line 6485.
\Hy@abspage=\count111
\c@Item=\count112
\c@Hfootnote=\count113
)
Package hyperref Info: Driver (autodetected): hpdftex.
 (/usr/share/texlive/texmf-dist/tex/latex/hyperref/hpdftex.def
File: hpdftex.def 2019/06/12 v6.88h Hyperref driver for pdfTeX
\Fld@listcount=\count114
\c@bookmark@seq@number=\count115
 (/usr/share/texlive/texmf-dist/tex/latex/oberdiek/rerunfilecheck.sty
Package: rerunfilecheck 2016/05/16 v1.8 Rerun checks for auxiliary files (HO)
Package uniquecounter Info: New unique counter `rerunfilecheck' on input line 282.
)
\Hy@SectionHShift=\skip59
) (/usr/share/texlive/texmf-dist/tex/latex/setspace/setspace.sty
Package: setspace 2011/12/19 v6.7a set line spacing
) (/usr/share/texlive/texmf-dist/tex/latex/caption/subcaption.sty
Package: subcaption 2018/05/01 v1.1-162 Sub-captions (AR)
 (/usr/share/texlive/texmf-dist/tex/latex/caption/caption.sty
Package: caption 2018/10/06 v3.3-154 Customizing captions (AR)

(/usr/share/texlive/texmf-dist/tex/latex/caption/caption3.sty
Package: caption3 2018/09/12 v1.8c caption3 kernel (AR)
Package caption3 Info: TeX engine: e-TeX on input line 64.
\captionmargin=\dimen127
\captionmargin@=\dimen128
\captionwidth=\dimen129
\caption@tempdima=\dimen130
\caption@indent=\dimen131
\caption@parindent=\dimen132
\caption@hangindent=\dimen133
)
\c@caption@flags=\count116
\c@ContinuedFloat=\count117
Package caption Info: hyperref package is loaded.
)
\c@subfigure=\count118
\c@subtable=\count119
) (/usr/share/texlive/texmf-dist/tex/latex/mathtools/mathtools.sty
Package: mathtools 2019/07/31 v1.22 mathematical typesetting tools
 (/usr/share/texlive/texmf-dist/tex/latex/tools/calc.sty
Package: calc 2017/05/25 v4.3 Infix arithmetic (KKT,FJ)
\calc@Acount=\count120
\calc@Bcount=\count121
\calc@Adimen=\dimen134
\calc@Bdimen=\dimen135
\calc@Askip=\skip60
\calc@Bskip=\skip61
LaTeX Info: Redefining \setlength on input line 80.
LaTeX Info: Redefining \addtolength on input line 81.
\calc@Ccount=\count122
\calc@Cskip=\skip62
) (/usr/share/texlive/texmf-dist/tex/latex/mathtools/mhsetup.sty
Package: mhsetup 2017/03/31 v1.3 programming setup (MH)
)
LaTeX Info: Thecontrolsequence`\('isalreadyrobust on input line 129.
LaTeX Info: Thecontrolsequence`\)'isalreadyrobust on input line 129.
LaTeX Info: Thecontrolsequence`\['isalreadyrobust on input line 129.
LaTeX Info: Thecontrolsequence`\]'isalreadyrobust on input line 129.
\g_MT_multlinerow_int=\count123
\l_MT_multwidth_dim=\dimen136
\origjot=\skip63
\l_MT_shortvdotswithinadjustabove_dim=\dimen137
\l_MT_shortvdotswithinadjustbelow_dim=\dimen138
\l_MT_above_intertext_sep=\dimen139
\l_MT_below_intertext_sep=\dimen140
\l_MT_above_shortintertext_sep=\dimen141
\l_MT_below_shortintertext_sep=\dimen142
) (/usr/share/texlive/texmf-dist/tex/latex/lineno/lineno.sty
Package: lineno 2005/11/02 line numbers on paragraphs v4.41
\linenopenalty=\count124
\output=\toks34
\linenoprevgraf=\count125
\linenumbersep=\dimen143
\linenumberwidth=\dimen144
\c@linenumber=\count126
\c@pagewiselinenumber=\count127
\c@LN@truepage=\count128
\c@internallinenumber=\count129
\c@internallinenumbers=\count130
\quotelinenumbersep=\dimen145
\bframerule=\dimen146
\bframesep=\dimen147
\bframebox=\box30
LaTeX Info: Redefining \\ on input line 3056.
) (/usr/share/texlive/texmf-dist/tex/latex/preprint/authblk.sty
Package: authblk 2001/02/27 1.3 (PWD)
\affilsep=\skip64
\@affilsep=\skip65
\c@Maxaffil=\count131
\c@authors=\count132
\c@affil=\count133
)
\c@theorem=\count134
\c@proposition=\count135
\c@lemma=\count136
\c@corollary=\count137
\c@definition=\count138
 (./calcium_imaging_model_paper.aux)
\openout1 = `calcium_imaging_model_paper.aux'.

LaTeX Font Info:    Checking defaults for OML/cmm/m/it on input line 69.
LaTeX Font Info:    ... okay on input line 69.
LaTeX Font Info:    Checking defaults for T1/cmr/m/n on input line 69.
LaTeX Font Info:    ... okay on input line 69.
LaTeX Font Info:    Checking defaults for OT1/cmr/m/n on input line 69.
LaTeX Font Info:    ... okay on input line 69.
LaTeX Font Info:    Checking defaults for OMS/cmsy/m/n on input line 69.
LaTeX Font Info:    ... okay on input line 69.
LaTeX Font Info:    Checking defaults for OMX/cmex/m/n on input line 69.
LaTeX Font Info:    ... okay on input line 69.
LaTeX Font Info:    Checking defaults for U/cmr/m/n on input line 69.
LaTeX Font Info:    ... okay on input line 69.
LaTeX Font Info:    Checking defaults for PD1/pdf/m/n on input line 69.
LaTeX Font Info:    ... okay on input line 69.
LaTeX Font Info:    Try loading font information for OT1+ptm on input line 69.
 (/usr/share/texlive/texmf-dist/tex/latex/psnfss/ot1ptm.fd
File: ot1ptm.fd 2001/06/04 font definitions for OT1/ptm.
) (/usr/share/texlive/texmf-dist/tex/latex/ucs/ucsencs.def
File: ucsencs.def 2011/01/21 Fixes to fontencodings LGR, T3
)
*geometry* driver: auto-detecting
*geometry* detected driver: pdftex
*geometry* verbose mode - [ preamble ] result:
* driver: pdftex
* paper: a4paper
* layout: <same size as paper>
* layoutoffset:(h,v)=(0.0pt,0.0pt)
* modes: 
* h-part:(L,W,R)=(56.9055pt, 483.69687pt, 56.9055pt)
* v-part:(T,H,B)=(56.9055pt, 731.23584pt, 56.9055pt)
* \paperwidth=597.50787pt
* \paperheight=845.04684pt
* \textwidth=483.69687pt
* \textheight=731.23584pt
* \oddsidemargin=-15.36449pt
* \evensidemargin=-15.36449pt
* \topmargin=-52.36449pt
* \headheight=12.0pt
* \headsep=25.0pt
* \topskip=12.0pt
* \footskip=30.0pt
* \marginparwidth=35.0pt
* \marginparsep=10.0pt
* \columnsep=10.0pt
* \skip\footins=10.8pt plus 4.0pt minus 2.0pt
* \hoffset=0.0pt
* \voffset=0.0pt
* \mag=1000
* \@twocolumnfalse
* \@twosidefalse
* \@mparswitchfalse
* \@reversemarginfalse
* (1in=72.27pt=25.4mm, 1cm=28.453pt)

(/usr/share/texlive/texmf-dist/tex/context/base/mkii/supp-pdf.mkii
[Loading MPS to PDF converter (version 2006.09.02).]
\scratchcounter=\count139
\scratchdimen=\dimen148
\scratchbox=\box31
\nofMPsegments=\count140
\nofMParguments=\count141
\everyMPshowfont=\toks35
\MPscratchCnt=\count142
\MPscratchDim=\dimen149
\MPnumerator=\count143
\makeMPintoPDFobject=\count144
\everyMPtoPDFconversion=\toks36
) (/usr/share/texlive/texmf-dist/tex/latex/oberdiek/epstopdf-base.sty
Package: epstopdf-base 2016/05/15 v2.6 Base part for package epstopdf
 (/usr/share/texlive/texmf-dist/tex/latex/oberdiek/grfext.sty
Package: grfext 2016/05/16 v1.2 Manage graphics extensions (HO)
)
Package epstopdf-base Info: Redefining graphics rule for `.eps' on input line 438.
Package grfext Info: Graphics extension search list:
(grfext)             [.pdf,.png,.jpg,.mps,.jpeg,.jbig2,.jb2,.PDF,.PNG,.JPG,.JPEG,.JBIG2,.JB2,.eps]
(grfext)             \AppendGraphicsExtensions on input line 456.
 (/usr/share/texlive/texmf-dist/tex/latex/latexconfig/epstopdf-sys.cfg
File: epstopdf-sys.cfg 2010/07/13 v1.3 Configuration of (r)epstopdf for TeX Live
))
\AtBeginShipoutBox=\box32
Package hyperref Info: Link coloring OFF on input line 69.
 (/usr/share/texlive/texmf-dist/tex/latex/hyperref/nameref.sty
Package: nameref 2016/05/21 v2.44 Cross-referencing by name of section
 (/usr/share/texlive/texmf-dist/tex/generic/oberdiek/gettitlestring.sty
Package: gettitlestring 2016/05/16 v1.5 Cleanup title references (HO)
)
\c@section@level=\count145
)
LaTeX Info: Redefining \ref on input line 69.
LaTeX Info: Redefining \pageref on input line 69.
LaTeX Info: Redefining \nameref on input line 69.
 (./calcium_imaging_model_paper.out) (./calcium_imaging_model_paper.out)
\@outlinefile=\write3
\openout3 = `calcium_imaging_model_paper.out'.

Package caption Info: Begin \AtBeginDocument code.
Package caption Info: End \AtBeginDocument code.
LaTeX Font Info:    Try loading font information for OT1+phv on input line 71.
 (/usr/share/texlive/texmf-dist/tex/latex/psnfss/ot1phv.fd
File: ot1phv.fd 2001/06/04 scalable font definitions for OT1/phv.
)
LaTeX Font Info:    Try loading font information for U+msa on input line 71.
 (/usr/share/texlive/texmf-dist/tex/latex/amsfonts/umsa.fd
File: umsa.fd 2013/01/14 v3.01 AMS symbols A
)
LaTeX Font Info:    Try loading font information for U+msb on input line 71.
 (/usr/share/texlive/texmf-dist/tex/latex/amsfonts/umsb.fd
File: umsb.fd 2013/01/14 v3.01 AMS symbols B
)
LaTeX Font Info:    Try loading font information for U+rsfs on input line 71.
 (/usr/share/texlive/texmf-dist/tex/latex/jknapltx/ursfs.fd
File: ursfs.fd 1998/03/24 rsfs font definition file (jk)
)
LaTeX Font Info:    Font shape `OT1/ptm/bx/n' in size <10.95> not available
(Font)              Font shape `OT1/ptm/b/n' tried instead on input line 73.
 (/usr/share/texlive/texmf-dist/tex/latex/ucs/data/uni-32.def
File: uni-32.def 2013/05/13 UCS: Unicode data U+2000..U+20FF
)
LaTeX Font Info:    Font shape `OT1/ptm/bx/n' in size <17.28> not available
(Font)              Font shape `OT1/ptm/b/n' tried instead on input line 75.
 [1

{/usr/share/texlive/texmf-dist/fonts/map/pdftex/updmap/pdftex.map}]
<figures/Figure1.png, id=91, 580.68945pt x 444.58095pt>
File: figures/Figure1.png Graphic file (type png)
<use figures/Figure1.png>
Package pdftex.def Info: figures/Figure1.png  used on input line 80.
(pdftex.def)             Requested size: 483.69687pt x 370.31813pt.
 [2 <./figures/Figure1.png>]
LaTeX Font Info:    Font shape `OT1/ptm/bx/n' in size <14.4> not available
(Font)              Font shape `OT1/ptm/b/n' tried instead on input line 96.
 [3]
<figures/Figure2.png, id=133, 582.7371pt x 271.7352pt>
File: figures/Figure2.png Graphic file (type png)
<use figures/Figure2.png>
Package pdftex.def Info: figures/Figure2.png  used on input line 109.
(pdftex.def)             Requested size: 483.69687pt x 225.55672pt.
 [4] [5 <./figures/Figure2.png>]
<figures/concentration_dynamics_18.png, id=152, 361.35pt x 289.08pt>
File: figures/concentration_dynamics_18.png Graphic file (type png)
<use figures/concentration_dynamics_18.png>
Package pdftex.def Info: figures/concentration_dynamics_18.png  used on input line 120.
(pdftex.def)             Requested size: 241.84843pt x 193.47968pt.
<figures/concentration_dynamics_18_zoomed_BCa_star.png, id=153, 361.35pt x 289.08pt>
File: figures/concentration_dynamics_18_zoomed_BCa_star.png Graphic file (type png)
<use figures/concentration_dynamics_18_zoomed_BCa_star.png>
Package pdftex.def Info: figures/concentration_dynamics_18_zoomed_BCa_star.png  used on input line 125.
(pdftex.def)             Requested size: 241.84843pt x 193.47968pt.
<figures/concentration_dynamics_18_zoomed_BCa.png, id=154, 361.35pt x 289.08pt>
File: figures/concentration_dynamics_18_zoomed_BCa.png Graphic file (type png)
<use figures/concentration_dynamics_18_zoomed_BCa.png>
Package pdftex.def Info: figures/concentration_dynamics_18_zoomed_BCa.png  used on input line 129.
(pdftex.def)             Requested size: 241.84843pt x 193.47968pt.
<figures/concentration_dynamics_18_zoomed_ImCa.png, id=155, 361.35pt x 289.08pt>
File: figures/concentration_dynamics_18_zoomed_ImCa.png Graphic file (type png)
<use figures/concentration_dynamics_18_zoomed_ImCa.png>
Package pdftex.def Info: figures/concentration_dynamics_18_zoomed_ImCa.png  used on input line 133.
(pdftex.def)             Requested size: 241.84843pt x 193.47968pt.
<figures/concentration_dynamics_18_zoomed_ECa.png, id=156, 361.35pt x 289.08pt>
File: figures/concentration_dynamics_18_zoomed_ECa.png Graphic file (type png)
<use figures/concentration_dynamics_18_zoomed_ECa.png>
Package pdftex.def Info: figures/concentration_dynamics_18_zoomed_ECa.png  used on input line 137.
(pdftex.def)             Requested size: 241.84843pt x 193.47968pt.
<figures/concentration_dynamics_18_zoomed_Ca.png, id=157, 361.35pt x 289.08pt>
File: figures/concentration_dynamics_18_zoomed_Ca.png Graphic file (type png)
<use figures/concentration_dynamics_18_zoomed_Ca.png>
Package pdftex.def Info: figures/concentration_dynamics_18_zoomed_Ca.png  used on input line 141.
(pdftex.def)             Requested size: 241.84843pt x 193.47968pt.

Overfull \hbox (2.28003pt too wide) in paragraph at lines 119--144
[]$[]$ $[]$
 []


Overfull \hbox (2.28003pt too wide) in paragraph at lines 119--144
[]$ $[]$
 []


Overfull \hbox (2.28003pt too wide) in paragraph at lines 119--144
[]$ $[]$ 
 []

LaTeX Font Info:    Font shape `OT1/ptm/bx/n' in size <12> not available
(Font)              Font shape `OT1/ptm/b/n' tried instead on input line 144.
[6] [7 <./figures/concentration_dynamics_18.png> <./figures/concentration_dynamics_18_zoomed_BCa_star.png> <./figures/concentration_dynamics_18_zoomed_BCa.png> <./figures/concentration_dynamics_18_zoomed_ImCa.png> <./figures/concentration_dynamics_18_zoomed_ECa.png> <./figures/concentration_dynamics_18_zoomed_Ca.png>]
<figures/b_i_f_i_perturbed_fluorescence_18_paper.png, id=182, 578.16pt x 361.35pt>
File: figures/b_i_f_i_perturbed_fluorescence_18_paper.png Graphic file (type png)
<use figures/b_i_f_i_perturbed_fluorescence_18_paper.png>
Package pdftex.def Info: figures/b_i_f_i_perturbed_fluorescence_18_paper.png  used on input line 162.
(pdftex.def)             Requested size: 435.32422pt x 272.07599pt.
<figures/b_i_f_i_perturbed_snr.png, id=183, 361.35pt x 289.08pt>
File: figures/b_i_f_i_perturbed_snr.png Graphic file (type png)
<use figures/b_i_f_i_perturbed_snr.png>
Package pdftex.def Info: figures/b_i_f_i_perturbed_snr.png  used on input line 168.
(pdftex.def)             Requested size: 217.66211pt x 174.12862pt.
<figures/b_i_f_i_perturbed_oasis_tp_paper.png, id=184, 361.35pt x 289.08pt>
File: figures/b_i_f_i_perturbed_oasis_tp_paper.png Graphic file (type png)
<use figures/b_i_f_i_perturbed_oasis_tp_paper.png>
Package pdftex.def Info: figures/b_i_f_i_perturbed_oasis_tp_paper.png  used on input line 173.
(pdftex.def)             Requested size: 217.66211pt x 174.12862pt.
<figures/indicator_perturbed_fluorescence_18_paper.png, id=185, 578.16pt x 361.35pt>
File: figures/indicator_perturbed_fluorescence_18_paper.png Graphic file (type png)
<use figures/indicator_perturbed_fluorescence_18_paper.png>
Package pdftex.def Info: figures/indicator_perturbed_fluorescence_18_paper.png  used on input line 184.
(pdftex.def)             Requested size: 435.32422pt x 272.07599pt.
<figures/indicator_perturbed_snr.png, id=186, 361.35pt x 289.08pt>
File: figures/indicator_perturbed_snr.png Graphic file (type png)
<use figures/indicator_perturbed_snr.png>
Package pdftex.def Info: figures/indicator_perturbed_snr.png  used on input line 190.
(pdftex.def)             Requested size: 217.66211pt x 174.12862pt.
<figures/indictor_perturbed_oasis_first_paper.png, id=187, 361.35pt x 289.08pt>
File: figures/indictor_perturbed_oasis_first_paper.png Graphic file (type png)
<use figures/indictor_perturbed_oasis_first_paper.png>
Package pdftex.def Info: figures/indictor_perturbed_oasis_first_paper.png  used on input line 195.
(pdftex.def)             Requested size: 217.66211pt x 174.12862pt.
 [8] [9 <./figures/b_i_f_i_perturbed_fluorescence_18_paper.png> <./figures/b_i_f_i_perturbed_snr.png> <./figures/b_i_f_i_perturbed_oasis_tp_paper.png>] [10 <./figures/indicator_perturbed_fluorescence_18_paper.png> <./figures/indicator_perturbed_snr.png> <./figures/indictor_perturbed_oasis_first_paper.png>]
<figures/immobile_perturbed_fluorescence_18_paper.png, id=224, 578.16pt x 361.35pt>
File: figures/immobile_perturbed_fluorescence_18_paper.png Graphic file (type png)
<use figures/immobile_perturbed_fluorescence_18_paper.png>
Package pdftex.def Info: figures/immobile_perturbed_fluorescence_18_paper.png  used on input line 210.
(pdftex.def)             Requested size: 435.32422pt x 272.07599pt.
<figures/immobile_perturbed_snr.png, id=225, 361.35pt x 289.08pt>
File: figures/immobile_perturbed_snr.png Graphic file (type png)
<use figures/immobile_perturbed_snr.png>
Package pdftex.def Info: figures/immobile_perturbed_snr.png  used on input line 215.
(pdftex.def)             Requested size: 217.66211pt x 174.12862pt.
<figures/immobile_perturbed_oasis_first_paper.png, id=226, 361.35pt x 289.08pt>
File: figures/immobile_perturbed_oasis_first_paper.png Graphic file (type png)
<use figures/immobile_perturbed_oasis_first_paper.png>
Package pdftex.def Info: figures/immobile_perturbed_oasis_first_paper.png  used on input line 219.
(pdftex.def)             Requested size: 217.66211pt x 174.12862pt.
 [11] [12 <./figures/immobile_perturbed_fluorescence_18_paper.png> <./figures/immobile_perturbed_snr.png> <./figures/immobile_perturbed_oasis_first_paper.png>]
<figures/paper_fig_1_Hz_1_3.png, id=243, 289.08pt x 361.35pt>
File: figures/paper_fig_1_Hz_1_3.png Graphic file (type png)
<use figures/paper_fig_1_Hz_1_3.png>
Package pdftex.def Info: figures/paper_fig_1_Hz_1_3.png  used on input line 232.
(pdftex.def)             Requested size: 159.13373pt x 198.91403pt.
<figures/paper_fig_5_Hz_1_2.png, id=244, 289.08pt x 361.35pt>
File: figures/paper_fig_5_Hz_1_2.png Graphic file (type png)
<use figures/paper_fig_5_Hz_1_2.png>
Package pdftex.def Info: figures/paper_fig_5_Hz_1_2.png  used on input line 233.
(pdftex.def)             Requested size: 159.13373pt x 198.91403pt.
<figures/paper_fig_10_Hz_1_1.png, id=245, 289.08pt x 361.35pt>
File: figures/paper_fig_10_Hz_1_1.png Graphic file (type png)
<use figures/paper_fig_10_Hz_1_1.png>
Package pdftex.def Info: figures/paper_fig_10_Hz_1_1.png  used on input line 234.
(pdftex.def)             Requested size: 159.13373pt x 198.91403pt.
<figures/simulated_oasis_accuracy_paper.png, id=246, 361.35pt x 289.08pt>
File: figures/simulated_oasis_accuracy_paper.png Graphic file (type png)
<use figures/simulated_oasis_accuracy_paper.png>
Package pdftex.def Info: figures/simulated_oasis_accuracy_paper.png  used on input line 241.
(pdftex.def)             Requested size: 217.66211pt x 174.12862pt.
<figures/mean_fluorescence_comparison.png, id=247, 289.08pt x 216.81pt>
File: figures/mean_fluorescence_comparison.png Graphic file (type png)
<use figures/mean_fluorescence_comparison.png>
Package pdftex.def Info: figures/mean_fluorescence_comparison.png  used on input line 242.
(pdftex.def)             Requested size: 217.66211pt x 163.24557pt.
 [13 <./figures/paper_fig_1_Hz_1_3.png> <./figures/paper_fig_5_Hz_1_2.png> <./figures/paper_fig_10_Hz_1_1.png> <./figures/simulated_oasis_accuracy_paper.png> <./figures/mean_fluorescence_comparison.png>] [14]
[15]
LaTeX Font Info:    Try loading font information for OMS+ptm on input line 266.
 (/usr/share/texlive/texmf-dist/tex/latex/psnfss/omsptm.fd
File: omsptm.fd 
)
LaTeX Font Info:    Font shape `OMS/ptm/m/n' in size <10.95> not available
(Font)              Font shape `OMS/cmsy/m/n' tried instead on input line 266.
 (/usr/share/texlive/texmf-dist/tex/latex/ucs/data/uni-34.def
File: uni-34.def 2013/05/13 UCS: Unicode data U+2200..U+22FF
) [16] [17] [18]
Underfull \hbox (badness 2573) in paragraph at lines 350--350
\OT1/ptm/m/n/12 im-mo-bile buffer within the cell
 []

LaTeX Font Info:    Try loading font information for OT1+pcr on input line 365.
(/usr/share/texlive/texmf-dist/tex/latex/psnfss/ot1pcr.fd
File: ot1pcr.fd 2001/06/04 font definitions for OT1/pcr.
) [19] [20]

LaTeX Warning: Citation `forney' on page 21 undefined on input line 371.

[21] [22]
Overfull \hbox (36.04268pt too wide) in paragraph at lines 404--405
\OT1/ptm/m/n/10.95 All of the data used in this project was sourced from the `Spike Finder' project (spikefinder.codeneuro.org).
 []

[23] (./calcium_imaging_model_paper.bbl (/usr/share/texlive/texmf-dist/tex/latex/ucs/data/uni-0.def
File: uni-0.def 2013/05/13 UCS: Unicode data U+0000..U+00FF
)
Underfull \hbox (badness 3965) in paragraph at lines 77--81
[]\OT1/ptm/m/n/10.95 Sean Jew-ell, Daniela Wit-ten, \OT1/ptm/m/it/10.95 Ex-act Spike Train In-fer-ence Via $\OML/cmm/m/it/10.95 `[]$ \OT1/ptm/m/it/10.95 Op-ti-miza-tion\OT1/ptm/m/n/10.95 .
 []

[24] [25])
Package atveryend Info: Empty hook `BeforeClearDocument' on input line 411.
 [26]
Package atveryend Info: Empty hook `AfterLastShipout' on input line 411.
 (./calcium_imaging_model_paper.aux)
Package atveryend Info: Executing hook `AtVeryEndDocument' on input line 411.
Package atveryend Info: Executing hook `AtEndAfterFileList' on input line 411.
Package rerunfilecheck Info: File `calcium_imaging_model_paper.out' has not changed.
(rerunfilecheck)             Checksum: 6AE9ED3312FAFD8A872BE43688F9BAB8;1646.


LaTeX Warning: There were undefined references.

Package atveryend Info: Empty hook `AtVeryVeryEnd' on input line 411.
 ) 
Here is how much of TeX's memory you used:
 10911 strings out of 492667
 163217 string characters out of 6134097
 267972 words of memory out of 5000000
 14534 multiletter control sequences out of 15000+600000
 35670 words of font info for 86 fonts, out of 8000000 for 9000
 1137 hyphenation exceptions out of 8191
 42i,21n,43p,2234b,612s stack positions out of 5000i,500n,10000p,200000b,80000s
{/usr/share/texlive/texmf-dist/fonts/enc/dvips/base/8r.enc}</usr/share/texlive/texmf-dist/fonts/type1/public/amsfonts/cm/cmmi10.pfb></usr/share/texlive/texmf-dist/fonts/type1/public/amsfonts/cm/cmmi12.pfb></usr/share/texlive/texmf-dist/fonts/type1/public/amsfonts/cm/cmmi6.pfb></usr/share/texlive/texmf-dist/fonts/type1/public/amsfonts/cm/cmmi8.pfb></usr/share/texlive/texmf-dist/fonts/type1/public/amsfonts/cm/cmr10.pfb></usr/share/texlive/texmf-dist/fonts/type1/public/amsfonts/cm/cmr12.pfb></usr/share/texlive/texmf-dist/fonts/type1/public/amsfonts/cm/cmr8.pfb></usr/share/texlive/texmf-dist/fonts/type1/public/amsfonts/cm/cmsy10.pfb></usr/share/texlive/texmf-dist/fonts/type1/public/amsfonts/cm/cmsy8.pfb></usr/share/texlive/texmf-dist/fonts/type1/public/amsfonts/symbols/msam10.pfb></usr/share/texlive/texmf-dist/fonts/type1/urw/courier/ucrr8a.pfb></usr/share/texlive/texmf-dist/fonts/type1/urw/helvetic/uhvr8a.pfb></usr/share/texlive/texmf-dist/fonts/type1/urw/times/utmb8a.pfb></usr/share/te
xlive/texmf-dist/fonts/type1/urw/times/utmr8a.pfb></usr/share/texlive/texmf-dist/fonts/type1/urw/times/utmri8a.pfb>
Output written on calcium_imaging_model_paper.pdf (26 pages, 1978445 bytes).
PDF statistics:
 448 PDF objects out of 1000 (max. 8388607)
 356 compressed objects within 4 object streams
 96 named destinations out of 1000 (max. 500000)
 263 words of extra memory for PDF output out of 10000 (max. 10000000)

